#
# A fatal error has been detected by the Java Runtime Environment:
#
#  SIGSEGV (0xb) at pc=0x00007feb3ed2d453, pid=21077, tid=0x00007feb288c6700
#
# JRE version: Java(TM) SE Runtime Environment (8.0_121-b13) (build 1.8.0_121-b13)
# Java VM: Java HotSpot(TM) 64-Bit Server VM (25.121-b13 mixed mode linux-amd64 compressed oops)
# Problematic frame:
# V  [libjvm.so+0x98e453]  oopDesc* PSPromotionManager::copy_to_survivor_space<false>(oopDesc*)+0x143
#
# Failed to write core dump. Core dumps have been disabled. To enable core dumping, try "ulimit -c unlimited" before starting Java again
#
# If you would like to submit a bug report, please visit:
#   http://bugreport.java.com/bugreport/crash.jsp
#

---------------  T H R E A D  ---------------

Current thread (0x00007feb38029800):  GCTaskThread [stack: 0x00007feb287c6000,0x00007feb288c7000] [id=21085]

siginfo: si_signo: 11 (SIGSEGV), si_code: 2 (SEGV_ACCERR), si_addr: 0x00000007c1000210

Registers:
RAX=0x00007feb3f3306c0, RBX=0x000000076d7406ac, RCX=0x0000000000000003, RDX=0x0000000000000001
RSP=0x00007feb288c5a20, RBP=0x00007feb288c5a90, RSI=0x000000076d9cff18, RDI=0x00000007c1000208
R8 =0x000000076d7406a0, R9 =0x00007feb3f363df0, R10=0x00007feb3f354bb9, R11=0x00007feb3f526790
R12=0x000000076d9cff18, R13=0x0000000000000009, R14=0x0000000000000000, R15=0x00007feb3807d0a8
RIP=0x00007feb3ed2d453, EFLAGS=0x0000000000010202, CSGSFS=0x0000000000000033, ERR=0x0000000000000004
  TRAPNO=0x000000000000000e

Top of Stack: (sp=0x00007feb288c5a20)
0x00007feb288c5a20:   000000076db95ddd 00007feb3f354bb9
0x00007feb288c5a30:   00000007c0001938 00007feb3807d040
0x00007feb288c5a40:   000000076d73abc5 00007feb3e9ef3bc
0x00007feb288c5a50:   000000076d9a371a 0000000000001000
0x00007feb288c5a60:   000000076dae159d 000000076d7406ac
0x00007feb288c5a70:   00007feb3807d040 00007feb3f3306b0
0x00007feb288c5a80:   0000000000000000 00007feb3807d0a8
0x00007feb288c5a90:   00007feb288c5b80 00007feb3ed2cd20
0x00007feb288c5aa0:   00007feb288c5b00 00007feb288c5b10
0x00007feb288c5ab0:   00007feb288c5b20 00007feb288c5ae0
0x00007feb288c5ac0:   00007feb288c5af0 00007feb288c5b40
0x00007feb288c5ad0:   000000076daa47b5 00007feb3807d0d8
0x00007feb288c5ae0:   00000006c5c97be0 00007feb3807d0a0
0x00007feb288c5af0:   00007feb38017720 00000006c5e9a204
0x00007feb288c5b00:   00007feb288c5b80 00007feb3ec9ff1f
0x00007feb288c5b10:   00000007c001c0f8 00000006c5e9a28c
0x00007feb288c5b20:   00007feb288c5b80 00007feb3e9ef1c0
0x00007feb288c5b30:   00000006c5e95acd 00007feb3f363df0
0x00007feb288c5b40:   000000076d7406ad 00007feb3807d0a0
0x00007feb288c5b50:   0000000000000000 00000006c5e9a7d0
0x00007feb288c5b60:   00000006c5e9a600 00007feb3c4674d3
0x00007feb288c5b70:   00007feb38017720 00007feb3c467506
0x00007feb288c5b80:   00007feb288c5c40 00007feb3e79e6ae
0x00007feb288c5b90:   00007feb3801e730 00007feb3c467505
0x00007feb288c5ba0:   00007feb3c467481 00007feb3f354bb9
0x00007feb288c5bb0:   00007feb3807d040 00000006c6113818
0x00007feb288c5bc0:   00007feb38017460 00007feb3c46889d
0x00007feb288c5bd0:   00000006c5e97c50 0000000000000400
0x00007feb288c5be0:   00000006c5ea0a88 00007feb3c4674d1
0x00007feb288c5bf0:   0000000000000240 00007feb3c467800
0x00007feb288c5c00:   00007feb3c467880 00007feb3c4674d3
0x00007feb288c5c10:   00007feb3c4674d1 00007feb3802d960 

Instructions: (pc=0x00007feb3ed2d453)
0x00007feb3ed2d433:   83 e0 07 48 83 f8 05 75 d3 31 db eb d6 48 8b 05
0x00007feb3ed2d443:   41 41 5e 00 8b 7e 08 8b 48 08 48 d3 e7 48 03 38
0x00007feb3ed2d453:   8b 77 08 83 fe 00 0f 8f 0a ff ff ff 0f 85 4b 02
0x00007feb3ed2d463:   00 00 0f 1f 00 48 8b 07 4c 89 e6 4c 89 55 98 ff 

Register to memory mapping:

RAX=0x00007feb3f3306c0: <offset 0xf916c0> in /usr/lib/jvm/java-8-oracle/jre/lib/amd64/server/libjvm.so at 0x00007feb3e39f000
RBX=0x000000076d7406ac is an unknown value
RCX=0x0000000000000003 is an unknown value
RDX=0x0000000000000001 is an unknown value
RSP=0x00007feb288c5a20 is an unknown value
RBP=0x00007feb288c5a90 is an unknown value
RSI=0x000000076d9cff18 is an oop

[error occurred during error reporting (printing register info), id 0xb]

Stack: [0x00007feb287c6000,0x00007feb288c7000],  sp=0x00007feb288c5a20,  free space=1022k
Native frames: (J=compiled Java code, j=interpreted, Vv=VM code, C=native code)
V  [libjvm.so+0x98e453]  oopDesc* PSPromotionManager::copy_to_survivor_space<false>(oopDesc*)+0x143
V  [libjvm.so+0x98dd20]  PSPromotionManager::drain_stacks_depth(bool)+0x830
V  [libjvm.so+0x3ff6ae]  CardTableExtension::scavenge_contents_parallel(ObjectStartArray*, MutableSpace*, HeapWord*, PSPromotionManager*, unsigned int, unsigned int)+0xafe
V  [libjvm.so+0x99159b]  OldToYoungRootsTask::do_it(GCTaskManager*, unsigned int)+0x4b
V  [libjvm.so+0x5d7e7f]  GCTaskThread::run()+0x12f
V  [libjvm.so+0x926268]  java_start(Thread*)+0x108


---------------  P R O C E S S  ---------------

Java Threads: ( => current thread )
  0x00007feb380ca800 JavaThread "Service Thread" daemon [_thread_blocked, id=21095, stack(0x00007feb08c70000,0x00007feb08d71000)]
  0x00007feb380c7800 JavaThread "C1 CompilerThread3" daemon [_thread_blocked, id=21094, stack(0x00007feb08d71000,0x00007feb08e72000)]
  0x00007feb380c5800 JavaThread "C2 CompilerThread2" daemon [_thread_in_native, id=21093, stack(0x00007feb08e72000,0x00007feb08f73000)]
  0x00007feb380c4000 JavaThread "C2 CompilerThread1" daemon [_thread_in_native, id=21092, stack(0x00007feb08f73000,0x00007feb09074000)]
  0x00007feb380c1000 JavaThread "C2 CompilerThread0" daemon [_thread_blocked, id=21091, stack(0x00007feb09074000,0x00007feb09175000)]
  0x00007feb380bf800 JavaThread "Signal Dispatcher" daemon [_thread_blocked, id=21090, stack(0x00007feb09175000,0x00007feb09276000)]
  0x00007feb3808c000 JavaThread "Finalizer" daemon [_thread_blocked, id=21089, stack(0x00007feb0954e000,0x00007feb0964f000)]
  0x00007feb38087800 JavaThread "Reference Handler" daemon [_thread_blocked, id=21088, stack(0x00007feb0964f000,0x00007feb09750000)]
  0x00007feb38009800 JavaThread "main" [_thread_blocked, id=21078, stack(0x00007feb3fe8b000,0x00007feb3ff8c000)]

Other Threads:
  0x00007feb3807f800 VMThread [stack: 0x00007feb09750000,0x00007feb09851000] [id=21087]
  0x00007feb380cd000 WatcherThread [stack: 0x00007feb08b6f000,0x00007feb08c70000] [id=21096]

=>0x00007feb38029800 (exited) GCTaskThread [stack: 0x00007feb287c6000,0x00007feb288c7000] [id=21085]

VM state:at safepoint (normal execution)

VM Mutex/Monitor currently owned by a thread:  ([mutex/lock_event])
[0x00007feb38005f40] Threads_lock - owner thread: 0x00007feb3807f800
[0x00007feb38006440] Heap_lock - owner thread: 0x00007feb38009800

Heap:
 PSYoungGen      total 12288K, used 11972K [0x000000076c980000, 0x000000076dc00000, 0x00000007c0000000)
  eden space 9216K, 100% used [0x000000076c980000,0x000000076d280000,0x000000076d280000)
  from space 3072K, 89% used [0x000000076d900000,0x000000076dbb1128,0x000000076dc00000)
  to   space 4096K, 90% used [0x000000076d400000,0x000000076d7a1148,0x000000076d800000)
 ParOldGen       total 11264K, used 5198K [0x00000006c5c00000, 0x00000006c6700000, 0x000000076c980000)
  object space 11264K, 46% used [0x00000006c5c00000,0x00000006c6113818,0x00000006c6700000)
 Metaspace       used 7729K, capacity 8500K, committed 8704K, reserved 1056768K
  class space    used 926K, capacity 944K, committed 1024K, reserved 1048576K

Card table byte_map: [0x00007feb3c466000,0x00007feb3cc39000] byte_map_base: 0x00007feb38e38000

Marking Bits: (ParMarkBitMap*) 0x00007feb3f363c80
 Begin Bits: [0x00007feafc2e0000, 0x00007feb00170000)
 End Bits:   [0x00007feb00170000, 0x00007feb04000000)

Polling page: 0x00007feb3ffb3000

CodeCache: size=245760Kb used=2768Kb max_used=2777Kb free=242992Kb
 bounds [0x00007feb29000000, 0x00007feb292c0000, 0x00007feb38000000]
 total_blobs=931 nmethods=646 adapters=199
 compilation: enabled

Compilation events (10 events):
Event: 0.413 Thread 0x00007feb380c7800  643       3       com.sun.tools.javac.code.Types$13::visitClassType (10 bytes)
Event: 0.414 Thread 0x00007feb380c7800 nmethod 643 0x00007feb292b2450 code [0x00007feb292b25c0, 0x00007feb292b2848]
Event: 0.414 Thread 0x00007feb380c7800  644       3       java.util.AbstractMap::<init> (5 bytes)
Event: 0.414 Thread 0x00007feb380c7800 nmethod 644 0x00007feb292b2090 code [0x00007feb292b2200, 0x00007feb292b23b0]
Event: 0.414 Thread 0x00007feb380c7800  646       3       com.sun.tools.javac.tree.TreeScanner::scan (33 bytes)
Event: 0.414 Thread 0x00007feb380c7800 nmethod 646 0x00007feb292b1850 code [0x00007feb292b19e0, 0x00007feb292b1f28]
Event: 0.415 Thread 0x00007feb380c1000  647       4       com.sun.tools.javac.code.Type::hasTag (14 bytes)
Event: 0.415 Thread 0x00007feb380c1000 nmethod 647 0x00007feb29260d50 code [0x00007feb29260ea0, 0x00007feb29260f38]
Event: 0.416 Thread 0x00007feb380c7800  648       3       java.util.regex.Pattern::peek (26 bytes)
Event: 0.416 Thread 0x00007feb380c7800 nmethod 648 0x00007feb292b12d0 code [0x00007feb292b1460, 0x00007feb292b1708]

GC Heap History (10 events):
Event: 0.197 GC heap after
Heap after GC invocations=3 (full 0):
 PSYoungGen      total 3584K, used 512K [0x000000076c980000, 0x000000076d080000, 0x00000007c0000000)
  eden space 3072K, 0% used [0x000000076c980000,0x000000076c980000,0x000000076cc80000)
  from space 512K, 100% used [0x000000076cc80000,0x000000076cd00000,0x000000076cd00000)
  to   space 512K, 0% used [0x000000076d000000,0x000000076d000000,0x000000076d080000)
 ParOldGen       total 5632K, used 540K [0x00000006c5c00000, 0x00000006c6180000, 0x000000076c980000)
  object space 5632K, 9% used [0x00000006c5c00000,0x00000006c5c87040,0x00000006c6180000)
 Metaspace       used 5070K, capacity 6348K, committed 6656K, reserved 1056768K
  class space    used 616K, capacity 648K, committed 768K, reserved 1048576K
}
Event: 0.240 GC heap before
{Heap before GC invocations=4 (full 0):
 PSYoungGen      total 3584K, used 3560K [0x000000076c980000, 0x000000076d080000, 0x00000007c0000000)
  eden space 3072K, 99% used [0x000000076c980000,0x000000076cc7a060,0x000000076cc80000)
  from space 512K, 100% used [0x000000076cc80000,0x000000076cd00000,0x000000076cd00000)
  to   space 512K, 0% used [0x000000076d000000,0x000000076d000000,0x000000076d080000)
 ParOldGen       total 5632K, used 540K [0x00000006c5c00000, 0x00000006c6180000, 0x000000076c980000)
  object space 5632K, 9% used [0x00000006c5c00000,0x00000006c5c87040,0x00000006c6180000)
 Metaspace       used 6189K, capacity 7372K, committed 7552K, reserved 1056768K
  class space    used 765K, capacity 776K, committed 896K, reserved 1048576K
Event: 0.241 GC heap after
Heap after GC invocations=4 (full 0):
 PSYoungGen      total 6656K, used 496K [0x000000076c980000, 0x000000076d080000, 0x00000007c0000000)
  eden space 6144K, 0% used [0x000000076c980000,0x000000076c980000,0x000000076cf80000)
  from space 512K, 96% used [0x000000076d000000,0x000000076d07c010,0x000000076d080000)
  to   space 512K, 0% used [0x000000076cf80000,0x000000076cf80000,0x000000076d000000)
 ParOldGen       total 5632K, used 903K [0x00000006c5c00000, 0x00000006c6180000, 0x000000076c980000)
  object space 5632K, 16% used [0x00000006c5c00000,0x00000006c5ce1c90,0x00000006c6180000)
 Metaspace       used 6189K, capacity 7372K, committed 7552K, reserved 1056768K
  class space    used 765K, capacity 776K, committed 896K, reserved 1048576K
}
Event: 0.300 GC heap before
{Heap before GC invocations=5 (full 0):
 PSYoungGen      total 6656K, used 6640K [0x000000076c980000, 0x000000076d080000, 0x00000007c0000000)
  eden space 6144K, 100% used [0x000000076c980000,0x000000076cf80000,0x000000076cf80000)
  from space 512K, 96% used [0x000000076d000000,0x000000076d07c010,0x000000076d080000)
  to   space 512K, 0% used [0x000000076cf80000,0x000000076cf80000,0x000000076d000000)
 ParOldGen       total 5632K, used 903K [0x00000006c5c00000, 0x00000006c6180000, 0x000000076c980000)
  object space 5632K, 16% used [0x00000006c5c00000,0x00000006c5ce1c90,0x00000006c6180000)
 Metaspace       used 7226K, capacity 8148K, committed 8448K, reserved 1056768K
  class space    used 876K, capacity 912K, committed 1024K, reserved 1048576K
Event: 0.302 GC heap after
Heap after GC invocations=5 (full 0):
 PSYoungGen      total 6656K, used 512K [0x000000076c980000, 0x000000076dc80000, 0x00000007c0000000)
  eden space 6144K, 0% used [0x000000076c980000,0x000000076c980000,0x000000076cf80000)
  from space 512K, 100% used [0x000000076cf80000,0x000000076d000000,0x000000076d000000)
  to   space 3584K, 0% used [0x000000076d900000,0x000000076d900000,0x000000076dc80000)
 ParOldGen       total 5632K, used 4874K [0x00000006c5c00000, 0x00000006c6180000, 0x000000076c980000)
  object space 5632K, 86% used [0x00000006c5c00000,0x00000006c60c2be8,0x00000006c6180000)
 Metaspace       used 7226K, capacity 8148K, committed 8448K, reserved 1056768K
  class space    used 876K, capacity 912K, committed 1024K, reserved 1048576K
}
Event: 0.302 GC heap before
{Heap before GC invocations=6 (full 1):
 PSYoungGen      total 6656K, used 512K [0x000000076c980000, 0x000000076dc80000, 0x00000007c0000000)
  eden space 6144K, 0% used [0x000000076c980000,0x000000076c980000,0x000000076cf80000)
  from space 512K, 100% used [0x000000076cf80000,0x000000076d000000,0x000000076d000000)
  to   space 3584K, 0% used [0x000000076d900000,0x000000076d900000,0x000000076dc80000)
 ParOldGen       total 5632K, used 4874K [0x00000006c5c00000, 0x00000006c6180000, 0x000000076c980000)
  object space 5632K, 86% used [0x00000006c5c00000,0x00000006c60c2be8,0x00000006c6180000)
 Metaspace       used 7226K, capacity 8148K, committed 8448K, reserved 1056768K
  class space    used 876K, capacity 912K, committed 1024K, reserved 1048576K
Event: 0.323 GC heap after
Heap after GC invocations=6 (full 1):
 PSYoungGen      total 6656K, used 0K [0x000000076c980000, 0x000000076dc80000, 0x00000007c0000000)
  eden space 6144K, 0% used [0x000000076c980000,0x000000076c980000,0x000000076cf80000)
  from space 512K, 0% used [0x000000076cf80000,0x000000076cf80000,0x000000076d000000)
  to   space 3584K, 0% used [0x000000076d900000,0x000000076d900000,0x000000076dc80000)
 ParOldGen       total 11264K, used 5198K [0x00000006c5c00000, 0x00000006c6700000, 0x000000076c980000)
  object space 11264K, 46% used [0x00000006c5c00000,0x00000006c6113818,0x00000006c6700000)
 Metaspace       used 7226K, capacity 8148K, committed 8448K, reserved 1056768K
  class space    used 876K, capacity 912K, committed 1024K, reserved 1048576K
}
Event: 0.363 GC heap before
{Heap before GC invocations=7 (full 1):
 PSYoungGen      total 6656K, used 6144K [0x000000076c980000, 0x000000076dc80000, 0x00000007c0000000)
  eden space 6144K, 100% used [0x000000076c980000,0x000000076cf80000,0x000000076cf80000)
  from space 512K, 0% used [0x000000076cf80000,0x000000076cf80000,0x000000076d000000)
  to   space 3584K, 0% used [0x000000076d900000,0x000000076d900000,0x000000076dc80000)
 ParOldGen       total 11264K, used 5198K [0x00000006c5c00000, 0x00000006c6700000, 0x000000076c980000)
  object space 11264K, 46% used [0x00000006c5c00000,0x00000006c6113818,0x00000006c6700000)
 Metaspace       used 7343K, capacity 8244K, committed 8448K, reserved 1056768K
  class space    used 884K, capacity 944K, committed 1024K, reserved 1048576K
Event: 0.371 GC heap after
Heap after GC invocations=7 (full 1):
 PSYoungGen      total 12288K, used 2756K [0x000000076c980000, 0x000000076dc00000, 0x00000007c0000000)
  eden space 9216K, 0% used [0x000000076c980000,0x000000076c980000,0x000000076d280000)
  from space 3072K, 89% used [0x000000076d900000,0x000000076dbb1128,0x000000076dc00000)
  to   space 4096K, 0% used [0x000000076d400000,0x000000076d400000,0x000000076d800000)
 ParOldGen       total 11264K, used 5198K [0x00000006c5c00000, 0x00000006c6700000, 0x000000076c980000)
  object space 11264K, 46% used [0x00000006c5c00000,0x00000006c6113818,0x00000006c6700000)
 Metaspace       used 7343K, capacity 8244K, committed 8448K, reserved 1056768K
  class space    used 884K, capacity 944K, committed 1024K, reserved 1048576K
}
Event: 0.417 GC heap before
{Heap before GC invocations=8 (full 1):
 PSYoungGen      total 12288K, used 11972K [0x000000076c980000, 0x000000076dc00000, 0x00000007c0000000)
  eden space 9216K, 100% used [0x000000076c980000,0x000000076d280000,0x000000076d280000)
  from space 3072K, 89% used [0x000000076d900000,0x000000076dbb1128,0x000000076dc00000)
  to   space 4096K, 0% used [0x000000076d400000,0x000000076d400000,0x000000076d800000)
 ParOldGen       total 11264K, used 5198K [0x00000006c5c00000, 0x00000006c6700000, 0x000000076c980000)
  object space 11264K, 46% used [0x00000006c5c00000,0x00000006c6113818,0x00000006c6700000)
 Metaspace       used 7729K, capacity 8500K, committed 8704K, reserved 1056768K
  class space    used 926K, capacity 944K, committed 1024K, reserved 1048576K

Deoptimization events (10 events):
Event: 0.258 Thread 0x00007feb38009800 Uncommon trap: reason=class_check action=maybe_recompile pc=0x00007feb291a72d4 method=sun.misc.URLClassPath.getLoader(I)Lsun/misc/URLClassPath$Loader; @ 94
Event: 0.258 Thread 0x00007feb38009800 Uncommon trap: reason=unstable_if action=reinterpret pc=0x00007feb29191dac method=java.lang.String.indexOf([CII[CIII)I @ 134
Event: 0.273 Thread 0x00007feb38009800 Uncommon trap: reason=unstable_if action=reinterpret pc=0x00007feb291c036c method=java.lang.String.<init>([CII)V @ 18
Event: 0.274 Thread 0x00007feb38009800 Uncommon trap: reason=unstable_if action=reinterpret pc=0x00007feb291c3558 method=com.sun.tools.javac.parser.UnicodeReader.scanChar()V @ 37
Event: 0.389 Thread 0x00007feb38009800 Uncommon trap: reason=unstable_if action=reinterpret pc=0x00007feb29248a5c method=com.sun.tools.javac.util.Name$Table.equals([BI[BII)Z @ 22
Event: 0.390 Thread 0x00007feb38009800 Uncommon trap: reason=unstable_if action=reinterpret pc=0x00007feb2928aacc method=com.sun.tools.javac.code.Scope.getIndex(Lcom/sun/tools/javac/util/Name;)I @ 60
Event: 0.397 Thread 0x00007feb38009800 Uncommon trap: reason=class_check action=maybe_recompile pc=0x00007feb2928f64c method=com.sun.tools.javac.util.List.prependList(Lcom/sun/tools/javac/util/List;)Lcom/sun/tools/javac/util/List; @ 1
Event: 0.409 Thread 0x00007feb38009800 Uncommon trap: reason=class_check action=maybe_recompile pc=0x00007feb2928f64c method=com.sun.tools.javac.util.List.prependList(Lcom/sun/tools/javac/util/List;)Lcom/sun/tools/javac/util/List; @ 1
Event: 0.409 Thread 0x00007feb38009800 Uncommon trap: reason=class_check action=maybe_recompile pc=0x00007feb2928f64c method=com.sun.tools.javac.util.List.prependList(Lcom/sun/tools/javac/util/List;)Lcom/sun/tools/javac/util/List; @ 1
Event: 0.409 Thread 0x00007feb38009800 Uncommon trap: reason=class_check action=maybe_recompile pc=0x00007feb2928f64c method=com.sun.tools.javac.util.List.prependList(Lcom/sun/tools/javac/util/List;)Lcom/sun/tools/javac/util/List; @ 1

Internal exceptions (10 events):
Event: 0.029 Thread 0x00007feb38009800 Exception <a 'java/lang/NoSuchMethodError': Method sun.misc.Unsafe.defineClass(Ljava/lang/String;[BII)Ljava/lang/Class; name or signature does not match> (0x000000076c987cd8) thrown at [/HUDSON3/workspace/8-2-build-linux-amd64/jdk8u121/8372/hotspot/src/sh
Event: 0.029 Thread 0x00007feb38009800 Exception <a 'java/lang/NoSuchMethodError': Method sun.misc.Unsafe.prefetchRead(Ljava/lang/Object;J)V name or signature does not match> (0x000000076c987fc0) thrown at [/HUDSON3/workspace/8-2-build-linux-amd64/jdk8u121/8372/hotspot/src/share/vm/prims/jni.c
Event: 0.118 Thread 0x00007feb38009800 Exception <a 'java/security/PrivilegedActionException'> (0x000000076cae2c00) thrown at [/HUDSON3/workspace/8-2-build-linux-amd64/jdk8u121/8372/hotspot/src/share/vm/prims/jvm.cpp, line 1390]
Event: 0.118 Thread 0x00007feb38009800 Exception <a 'java/security/PrivilegedActionException'> (0x000000076cae2ff8) thrown at [/HUDSON3/workspace/8-2-build-linux-amd64/jdk8u121/8372/hotspot/src/share/vm/prims/jvm.cpp, line 1390]
Event: 0.119 Thread 0x00007feb38009800 Exception <a 'java/security/PrivilegedActionException'> (0x000000076cae5648) thrown at [/HUDSON3/workspace/8-2-build-linux-amd64/jdk8u121/8372/hotspot/src/share/vm/prims/jvm.cpp, line 1390]
Event: 0.119 Thread 0x00007feb38009800 Exception <a 'java/security/PrivilegedActionException'> (0x000000076cae5a40) thrown at [/HUDSON3/workspace/8-2-build-linux-amd64/jdk8u121/8372/hotspot/src/share/vm/prims/jvm.cpp, line 1390]
Event: 0.124 Thread 0x00007feb38009800 Exception <a 'java/security/PrivilegedActionException'> (0x000000076c9a4130) thrown at [/HUDSON3/workspace/8-2-build-linux-amd64/jdk8u121/8372/hotspot/src/share/vm/prims/jvm.cpp, line 1390]
Event: 0.124 Thread 0x00007feb38009800 Exception <a 'java/security/PrivilegedActionException'> (0x000000076c9a4528) thrown at [/HUDSON3/workspace/8-2-build-linux-amd64/jdk8u121/8372/hotspot/src/share/vm/prims/jvm.cpp, line 1390]
Event: 0.335 Thread 0x00007feb38009800 Exception <a 'java/io/FileNotFoundException'> (0x000000076ca4aa10) thrown at [/HUDSON3/workspace/8-2-build-linux-amd64/jdk8u121/8372/hotspot/src/share/vm/prims/jni.cpp, line 709]
Event: 0.337 Thread 0x00007feb38009800 Exception <a 'java/io/FileNotFoundException'> (0x000000076ca8c6c0) thrown at [/HUDSON3/workspace/8-2-build-linux-amd64/jdk8u121/8372/hotspot/src/share/vm/prims/jni.cpp, line 709]

Events (10 events):
Event: 0.416 loading class sun/util/locale/provider/LocaleProviderAdapter$Type done
Event: 0.416 loading class sun/util/locale/provider/LocaleProviderAdapter$1
Event: 0.416 loading class sun/util/locale/provider/LocaleProviderAdapter$1 done
Event: 0.416 loading class sun/util/locale/provider/DecimalFormatSymbolsProviderImpl
Event: 0.416 loading class sun/util/locale/provider/AvailableLanguageTags
Event: 0.416 loading class sun/util/locale/provider/AvailableLanguageTags done
Event: 0.416 loading class sun/util/locale/provider/DecimalFormatSymbolsProviderImpl done
Event: 0.416 loading class sun/util/locale/provider/LocaleDataMetaInfo
Event: 0.417 loading class sun/util/locale/provider/LocaleDataMetaInfo done
Event: 0.417 Executing VM operation: ParallelGCFailedAllocation


Dynamic libraries:
00400000-00401000 r-xp 00000000 08:42 4850667                            /usr/lib/jvm/java-8-oracle/bin/javac
00600000-00601000 rw-p 00000000 08:42 4850667                            /usr/lib/jvm/java-8-oracle/bin/javac
011f2000-01213000 rw-p 00000000 00:00 0                                  [heap]
6c5c00000-6c6700000 rw-p 00000000 00:00 0 
6c6700000-76c980000 ---p 00000000 00:00 0 
76c980000-76dc00000 rw-p 00000000 00:00 0 
76dc00000-7c0000000 ---p 00000000 00:00 0 
7c0000000-7c0100000 rw-p 00000000 00:00 0 
7c0100000-800000000 ---p 00000000 00:00 0 
7fead0000000-7fead0021000 rw-p 00000000 00:00 0 
7fead0021000-7fead4000000 ---p 00000000 00:00 0 
7fead8000000-7fead81e1000 rw-p 00000000 00:00 0 
7fead81e1000-7feadc000000 ---p 00000000 00:00 0 
7feadc000000-7feadc021000 rw-p 00000000 00:00 0 
7feadc021000-7feae0000000 ---p 00000000 00:00 0 
7feae0000000-7feae0343000 rw-p 00000000 00:00 0 
7feae0343000-7feae4000000 ---p 00000000 00:00 0 
7feae4000000-7feae43d6000 rw-p 00000000 00:00 0 
7feae43d6000-7feae8000000 ---p 00000000 00:00 0 
7feae8000000-7feae8021000 rw-p 00000000 00:00 0 
7feae8021000-7feaec000000 ---p 00000000 00:00 0 
7feaec000000-7feaec1a2000 rw-p 00000000 00:00 0 
7feaec1a2000-7feaf0000000 ---p 00000000 00:00 0 
7feaf0000000-7feaf0021000 rw-p 00000000 00:00 0 
7feaf0021000-7feaf4000000 ---p 00000000 00:00 0 
7feaf4000000-7feaf4021000 rw-p 00000000 00:00 0 
7feaf4021000-7feaf8000000 ---p 00000000 00:00 0 
7feaf8000000-7feaf8021000 rw-p 00000000 00:00 0 
7feaf8021000-7feafc000000 ---p 00000000 00:00 0 
7feafc2e0000-7feb04000000 rw-p 00000000 00:00 0 
7feb04000000-7feb04021000 rw-p 00000000 00:00 0 
7feb04021000-7feb08000000 ---p 00000000 00:00 0 
7feb08af5000-7feb08b6f000 r--s 010f6000 08:42 4862320                    /usr/lib/jvm/java-8-oracle/lib/tools.jar
7feb08b6f000-7feb08b70000 ---p 00000000 00:00 0 
7feb08b70000-7feb08c70000 rw-p 00000000 00:00 0 
7feb08c70000-7feb08c73000 ---p 00000000 00:00 0 
7feb08c73000-7feb08d71000 rw-p 00000000 00:00 0 
7feb08d71000-7feb08d74000 ---p 00000000 00:00 0 
7feb08d74000-7feb08e72000 rw-p 00000000 00:00 0 
7feb08e72000-7feb08e75000 ---p 00000000 00:00 0 
7feb08e75000-7feb08f73000 rw-p 00000000 00:00 0 
7feb08f73000-7feb08f76000 ---p 00000000 00:00 0 
7feb08f76000-7feb09074000 rw-p 00000000 00:00 0 
7feb09074000-7feb09077000 ---p 00000000 00:00 0 
7feb09077000-7feb09175000 rw-p 00000000 00:00 0 
7feb09175000-7feb09178000 ---p 00000000 00:00 0 
7feb09178000-7feb09276000 rw-p 00000000 00:00 0 
7feb09276000-7feb0954e000 r--p 00000000 08:42 4589083                    /usr/lib/locale/locale-archive
7feb0954e000-7feb09551000 ---p 00000000 00:00 0 
7feb09551000-7feb0964f000 rw-p 00000000 00:00 0 
7feb0964f000-7feb09652000 ---p 00000000 00:00 0 
7feb09652000-7feb09750000 rw-p 00000000 00:00 0 
7feb09750000-7feb09751000 ---p 00000000 00:00 0 
7feb09751000-7feb0b7ae000 rw-p 00000000 00:00 0 
7feb0b7ae000-7feb0b82e000 ---p 00000000 00:00 0 
7feb0b82e000-7feb0c000000 rw-p 00000000 00:00 0 
7feb0c000000-7feb0c021000 rw-p 00000000 00:00 0 
7feb0c021000-7feb10000000 ---p 00000000 00:00 0 
7feb10000000-7feb10021000 rw-p 00000000 00:00 0 
7feb10021000-7feb14000000 ---p 00000000 00:00 0 
7feb14000000-7feb14021000 rw-p 00000000 00:00 0 
7feb14021000-7feb18000000 ---p 00000000 00:00 0 
7feb18000000-7feb18021000 rw-p 00000000 00:00 0 
7feb18021000-7feb1c000000 ---p 00000000 00:00 0 
7feb1c000000-7feb1c021000 rw-p 00000000 00:00 0 
7feb1c021000-7feb20000000 ---p 00000000 00:00 0 
7feb20000000-7feb20290000 rw-p 00000000 00:00 0 
7feb20290000-7feb24000000 ---p 00000000 00:00 0 
7feb24000000-7feb24021000 rw-p 00000000 00:00 0 
7feb24021000-7feb28000000 ---p 00000000 00:00 0 
7feb2800f000-7feb28476000 rw-p 00000000 00:00 0 
7feb28476000-7feb2864f000 r--s 03d3e000 08:42 4850836                    /usr/lib/jvm/java-8-oracle/jre/lib/rt.jar
7feb2864f000-7feb286c5000 rw-p 00000000 00:00 0 
7feb286c5000-7feb286c6000 ---p 00000000 00:00 0 
7feb286c6000-7feb287c6000 rw-p 00000000 00:00 0 
7feb287c6000-7feb287c7000 ---p 00000000 00:00 0 
7feb287c7000-7feb288c7000 rw-p 00000000 00:00 0 
7feb288c7000-7feb288c8000 ---p 00000000 00:00 0 
7feb288c8000-7feb289c8000 rw-p 00000000 00:00 0 
7feb289c8000-7feb289c9000 ---p 00000000 00:00 0 
7feb289c9000-7feb28acf000 rw-p 00000000 00:00 0 
7feb28acf000-7feb29000000 ---p 00000000 00:00 0 
7feb29000000-7feb292c0000 rwxp 00000000 00:00 0 
7feb292c0000-7feb38000000 ---p 00000000 00:00 0 
7feb38000000-7feb385c9000 rw-p 00000000 00:00 0 
7feb385c9000-7feb3c000000 ---p 00000000 00:00 0 
7feb3c013000-7feb3c062000 rw-p 00000000 00:00 0 
7feb3c062000-7feb3c063000 ---p 00000000 00:00 0 
7feb3c063000-7feb3c163000 rw-p 00000000 00:00 0 
7feb3c163000-7feb3c164000 ---p 00000000 00:00 0 
7feb3c164000-7feb3c264000 rw-p 00000000 00:00 0 
7feb3c264000-7feb3c265000 ---p 00000000 00:00 0 
7feb3c265000-7feb3c365000 rw-p 00000000 00:00 0 
7feb3c365000-7feb3c366000 ---p 00000000 00:00 0 
7feb3c366000-7feb3c46c000 rw-p 00000000 00:00 0 
7feb3c46c000-7feb3c99c000 ---p 00000000 00:00 0 
7feb3c99c000-7feb3c9a6000 rw-p 00000000 00:00 0 
7feb3c9a6000-7feb3cc38000 ---p 00000000 00:00 0 
7feb3cc38000-7feb3cc44000 rw-p 00000000 00:00 0 
7feb3cc44000-7feb3cff9000 ---p 00000000 00:00 0 
7feb3cff9000-7feb3d013000 r-xp 00000000 08:42 4851419                    /usr/lib/jvm/java-8-oracle/jre/lib/amd64/libzip.so
7feb3d013000-7feb3d213000 ---p 0001a000 08:42 4851419                    /usr/lib/jvm/java-8-oracle/jre/lib/amd64/libzip.so
7feb3d213000-7feb3d214000 rw-p 0001a000 08:42 4851419                    /usr/lib/jvm/java-8-oracle/jre/lib/amd64/libzip.so
7feb3d214000-7feb3d21f000 r-xp 00000000 08:42 2236714                    /lib/x86_64-linux-gnu/libnss_files-2.23.so
7feb3d21f000-7feb3d41e000 ---p 0000b000 08:42 2236714                    /lib/x86_64-linux-gnu/libnss_files-2.23.so
7feb3d41e000-7feb3d41f000 r--p 0000a000 08:42 2236714                    /lib/x86_64-linux-gnu/libnss_files-2.23.so
7feb3d41f000-7feb3d420000 rw-p 0000b000 08:42 2236714                    /lib/x86_64-linux-gnu/libnss_files-2.23.so
7feb3d420000-7feb3d426000 rw-p 00000000 00:00 0 
7feb3d426000-7feb3d431000 r-xp 00000000 08:42 2236680                    /lib/x86_64-linux-gnu/libnss_nis-2.23.so
7feb3d431000-7feb3d630000 ---p 0000b000 08:42 2236680                    /lib/x86_64-linux-gnu/libnss_nis-2.23.so
7feb3d630000-7feb3d631000 r--p 0000a000 08:42 2236680                    /lib/x86_64-linux-gnu/libnss_nis-2.23.so
7feb3d631000-7feb3d632000 rw-p 0000b000 08:42 2236680                    /lib/x86_64-linux-gnu/libnss_nis-2.23.so
7feb3d632000-7feb3d648000 r-xp 00000000 08:42 2236706                    /lib/x86_64-linux-gnu/libnsl-2.23.so
7feb3d648000-7feb3d847000 ---p 00016000 08:42 2236706                    /lib/x86_64-linux-gnu/libnsl-2.23.so
7feb3d847000-7feb3d848000 r--p 00015000 08:42 2236706                    /lib/x86_64-linux-gnu/libnsl-2.23.so
7feb3d848000-7feb3d849000 rw-p 00016000 08:42 2236706                    /lib/x86_64-linux-gnu/libnsl-2.23.so
7feb3d849000-7feb3d84b000 rw-p 00000000 00:00 0 
7feb3d84b000-7feb3d853000 r-xp 00000000 08:42 2236708                    /lib/x86_64-linux-gnu/libnss_compat-2.23.so
7feb3d853000-7feb3da52000 ---p 00008000 08:42 2236708                    /lib/x86_64-linux-gnu/libnss_compat-2.23.so
7feb3da52000-7feb3da53000 r--p 00007000 08:42 2236708                    /lib/x86_64-linux-gnu/libnss_compat-2.23.so
7feb3da53000-7feb3da54000 rw-p 00008000 08:42 2236708                    /lib/x86_64-linux-gnu/libnss_compat-2.23.so
7feb3da54000-7feb3da7f000 r-xp 00000000 08:42 4852488                    /usr/lib/jvm/java-8-oracle/jre/lib/amd64/libjava.so
7feb3da7f000-7feb3dc7e000 ---p 0002b000 08:42 4852488                    /usr/lib/jvm/java-8-oracle/jre/lib/amd64/libjava.so
7feb3dc7e000-7feb3dc80000 rw-p 0002a000 08:42 4852488                    /usr/lib/jvm/java-8-oracle/jre/lib/amd64/libjava.so
7feb3dc80000-7feb3dc8d000 r-xp 00000000 08:42 4850845                    /usr/lib/jvm/java-8-oracle/jre/lib/amd64/libverify.so
7feb3dc8d000-7feb3de8c000 ---p 0000d000 08:42 4850845                    /usr/lib/jvm/java-8-oracle/jre/lib/amd64/libverify.so
7feb3de8c000-7feb3de8e000 rw-p 0000c000 08:42 4850845                    /usr/lib/jvm/java-8-oracle/jre/lib/amd64/libverify.so
7feb3de8e000-7feb3de95000 r-xp 00000000 08:42 2236679                    /lib/x86_64-linux-gnu/librt-2.23.so
7feb3de95000-7feb3e094000 ---p 00007000 08:42 2236679                    /lib/x86_64-linux-gnu/librt-2.23.so
7feb3e094000-7feb3e095000 r--p 00006000 08:42 2236679                    /lib/x86_64-linux-gnu/librt-2.23.so
7feb3e095000-7feb3e096000 rw-p 00007000 08:42 2236679                    /lib/x86_64-linux-gnu/librt-2.23.so
7feb3e096000-7feb3e19e000 r-xp 00000000 08:42 2236702                    /lib/x86_64-linux-gnu/libm-2.23.so
7feb3e19e000-7feb3e39d000 ---p 00108000 08:42 2236702                    /lib/x86_64-linux-gnu/libm-2.23.so
7feb3e39d000-7feb3e39e000 r--p 00107000 08:42 2236702                    /lib/x86_64-linux-gnu/libm-2.23.so
7feb3e39e000-7feb3e39f000 rw-p 00108000 08:42 2236702                    /lib/x86_64-linux-gnu/libm-2.23.so
7feb3e39f000-7feb3f06d000 r-xp 00000000 08:42 4852500                    /usr/lib/jvm/java-8-oracle/jre/lib/amd64/server/libjvm.so
7feb3f06d000-7feb3f26d000 ---p 00cce000 08:42 4852500                    /usr/lib/jvm/java-8-oracle/jre/lib/amd64/server/libjvm.so
7feb3f26d000-7feb3f346000 rw-p 00cce000 08:42 4852500                    /usr/lib/jvm/java-8-oracle/jre/lib/amd64/server/libjvm.so
7feb3f346000-7feb3f391000 rw-p 00000000 00:00 0 
7feb3f391000-7feb3f550000 r-xp 00000000 08:42 2236692                    /lib/x86_64-linux-gnu/libc-2.23.so
7feb3f550000-7feb3f750000 ---p 001bf000 08:42 2236692                    /lib/x86_64-linux-gnu/libc-2.23.so
7feb3f750000-7feb3f754000 r--p 001bf000 08:42 2236692                    /lib/x86_64-linux-gnu/libc-2.23.so
7feb3f754000-7feb3f756000 rw-p 001c3000 08:42 2236692                    /lib/x86_64-linux-gnu/libc-2.23.so
7feb3f756000-7feb3f75a000 rw-p 00000000 00:00 0 
7feb3f75a000-7feb3f75d000 r-xp 00000000 08:42 2236687                    /lib/x86_64-linux-gnu/libdl-2.23.so
7feb3f75d000-7feb3f95c000 ---p 00003000 08:42 2236687                    /lib/x86_64-linux-gnu/libdl-2.23.so
7feb3f95c000-7feb3f95d000 r--p 00002000 08:42 2236687                    /lib/x86_64-linux-gnu/libdl-2.23.so
7feb3f95d000-7feb3f95e000 rw-p 00003000 08:42 2236687                    /lib/x86_64-linux-gnu/libdl-2.23.so
7feb3f95e000-7feb3f973000 r-xp 00000000 08:42 4862290                    /usr/lib/jvm/java-8-oracle/lib/amd64/jli/libjli.so
7feb3f973000-7feb3fb73000 ---p 00015000 08:42 4862290                    /usr/lib/jvm/java-8-oracle/lib/amd64/jli/libjli.so
7feb3fb73000-7feb3fb74000 rw-p 00015000 08:42 4862290                    /usr/lib/jvm/java-8-oracle/lib/amd64/jli/libjli.so
7feb3fb74000-7feb3fb8c000 r-xp 00000000 08:42 2236704                    /lib/x86_64-linux-gnu/libpthread-2.23.so
7feb3fb8c000-7feb3fd8b000 ---p 00018000 08:42 2236704                    /lib/x86_64-linux-gnu/libpthread-2.23.so
7feb3fd8b000-7feb3fd8c000 r--p 00017000 08:42 2236704                    /lib/x86_64-linux-gnu/libpthread-2.23.so
7feb3fd8c000-7feb3fd8d000 rw-p 00018000 08:42 2236704                    /lib/x86_64-linux-gnu/libpthread-2.23.so
7feb3fd8d000-7feb3fd91000 rw-p 00000000 00:00 0 
7feb3fd91000-7feb3fdb7000 r-xp 00000000 08:42 2228312                    /lib/x86_64-linux-gnu/ld-2.23.so
7feb3fdb9000-7feb3fe8b000 rw-p 00000000 00:00 0 
7feb3fe8b000-7feb3fe8e000 ---p 00000000 00:00 0 
7feb3fe8e000-7feb3ff90000 rw-p 00000000 00:00 0 
7feb3ffaa000-7feb3ffb2000 rw-s 00000000 08:42 1048668                    /tmp/hsperfdata_ubuntu/21077
7feb3ffb2000-7feb3ffb3000 rw-p 00000000 00:00 0 
7feb3ffb3000-7feb3ffb4000 ---p 00000000 00:00 0 
7feb3ffb4000-7feb3ffb6000 rw-p 00000000 00:00 0 
7feb3ffb6000-7feb3ffb7000 r--p 00025000 08:42 2228312                    /lib/x86_64-linux-gnu/ld-2.23.so
7feb3ffb7000-7feb3ffb8000 rw-p 00026000 08:42 2228312                    /lib/x86_64-linux-gnu/ld-2.23.so
7feb3ffb8000-7feb3ffb9000 rw-p 00000000 00:00 0 
7ffeb9903000-7ffeb9924000 rw-p 00000000 00:00 0                          [stack]
7ffeb99cc000-7ffeb99ce000 r--p 00000000 00:00 0                          [vvar]
7ffeb99ce000-7ffeb99d0000 r-xp 00000000 00:00 0                          [vdso]
ffffffffff600000-ffffffffff601000 r-xp 00000000 00:00 0                  [vsyscall]

VM Arguments:
jvm_args: -Dapplication.home=/usr/lib/jvm/java-8-oracle -Xms8m 
java_command: com.sun.tools.javac.Main AppointmentFrame.java
java_class_path (initial): /usr/lib/jvm/java-8-oracle/lib/tools.jar:/usr/lib/jvm/java-8-oracle/classes
Launcher Type: SUN_STANDARD

Environment Variables:
JAVA_HOME=/usr/lib/jvm/java-8-oracle
PATH=/usr/local/sbin:/usr/local/bin:/usr/sbin:/usr/bin:/sbin:/bin:/usr/games:/usr/local/games:/snap/bin:/usr/lib/jvm/java-8-oracle/bin:/usr/lib/jvm/java-8-oracle/db/bin:/usr/lib/jvm/java-8-oracle/jre/bin
SHELL=/bin/bash
DISPLAY=:0

Signal Handlers:
SIGSEGV: [libjvm.so+0xac78c0], sa_mask[0]=11111111011111111101111111111110, sa_flags=SA_RESTART|SA_SIGINFO
SIGBUS: [libjvm.so+0xac78c0], sa_mask[0]=11111111011111111101111111111110, sa_flags=SA_RESTART|SA_SIGINFO
SIGFPE: [libjvm.so+0x920ac0], sa_mask[0]=11111111011111111101111111111110, sa_flags=SA_RESTART|SA_SIGINFO
SIGPIPE: [libjvm.so+0x920ac0], sa_mask[0]=11111111011111111101111111111110, sa_flags=SA_RESTART|SA_SIGINFO
SIGXFSZ: [libjvm.so+0x920ac0], sa_mask[0]=11111111011111111101111111111110, sa_flags=SA_RESTART|SA_SIGINFO
SIGILL: [libjvm.so+0x920ac0], sa_mask[0]=11111111011111111101111111111110, sa_flags=SA_RESTART|SA_SIGINFO
SIGUSR1: SIG_DFL, sa_mask[0]=00000000000000000000000000000000, sa_flags=none
SIGUSR2: [libjvm.so+0x922300], sa_mask[0]=00000000000000000000000000000000, sa_flags=SA_RESTART|SA_SIGINFO
SIGHUP: [libjvm.so+0x923700], sa_mask[0]=11111111011111111101111111111110, sa_flags=SA_RESTART|SA_SIGINFO
SIGINT: [libjvm.so+0x923700], sa_mask[0]=11111111011111111101111111111110, sa_flags=SA_RESTART|SA_SIGINFO
SIGTERM: [libjvm.so+0x923700], sa_mask[0]=11111111011111111101111111111110, sa_flags=SA_RESTART|SA_SIGINFO
SIGQUIT: [libjvm.so+0x923700], sa_mask[0]=11111111011111111101111111111110, sa_flags=SA_RESTART|SA_SIGINFO


---------------  S Y S T E M  ---------------

OS:DISTRIB_ID=Ubuntu
DISTRIB_RELEASE=16.04
DISTRIB_CODENAME=xenial
DISTRIB_DESCRIPTION="Ubuntu 16.04.2 LTS"

uname:Linux 4.4.0-64-generic #85-Ubuntu SMP Mon Feb 20 11:50:30 UTC 2017 x86_64
libc:glibc 2.23 NPTL 2.23 
rlimit: STACK 8192k, CORE 0k, NPROC 63022, NOFILE 65536, AS infinity
load average:1.62 0.81 0.40

/proc/meminfo:
MemTotal:       16392468 kB
MemFree:         4484176 kB
MemAvailable:   12718952 kB
Buffers:         1247788 kB
Cached:          7165528 kB
SwapCached:            0 kB
Active:          6441988 kB
Inactive:        4836216 kB
Active(anon):    2872484 kB
Inactive(anon):   148604 kB
Active(file):    3569504 kB
Inactive(file):  4687612 kB
Unevictable:         184 kB
Mlocked:             184 kB
SwapTotal:       4194300 kB
SwapFree:        4194300 kB
Dirty:               652 kB
Writeback:             0 kB
AnonPages:       2867332 kB
Mapped:           885120 kB
Shmem:            156160 kB
Slab:             379652 kB
SReclaimable:     313872 kB
SUnreclaim:        65780 kB
KernelStack:       15088 kB
PageTables:        60312 kB
NFS_Unstable:          0 kB
Bounce:                0 kB
WritebackTmp:          0 kB
CommitLimit:    12390532 kB
Committed_AS:   11243700 kB
VmallocTotal:   34359738367 kB
VmallocUsed:           0 kB
VmallocChunk:          0 kB
HardwareCorrupted:     0 kB
AnonHugePages:   1210368 kB
CmaTotal:              0 kB
CmaFree:               0 kB
HugePages_Total:       0
HugePages_Free:        0
HugePages_Rsvd:        0
HugePages_Surp:        0
Hugepagesize:       2048 kB
DirectMap4k:      922996 kB
DirectMap2M:    15814656 kB


CPU:total 8 (4 cores per cpu, 2 threads per core) family 6 model 58 stepping 9, cmov, cx8, fxsr, mmx, sse, sse2, sse3, ssse3, sse4.1, sse4.2, popcnt, avx, aes, clmul, erms, ht, tsc, tscinvbit, tscinv

/proc/cpuinfo:
processor	: 0
vendor_id	: GenuineIntel
cpu family	: 6
model		: 58
model name	: Intel(R) Core(TM) i7-3770K CPU @ 3.50GHz
stepping	: 9
microcode	: 0x1c
cpu MHz		: 4299.941
cache size	: 8192 KB
physical id	: 0
siblings	: 8
core id		: 0
cpu cores	: 4
apicid		: 0
initial apicid	: 0
fpu		: yes
fpu_exception	: yes
cpuid level	: 13
wp		: yes
flags		: fpu vme de pse tsc msr pae mce cx8 apic sep mtrr pge mca cmov pat pse36 clflush dts acpi mmx fxsr sse sse2 ss ht tm pbe syscall nx rdtscp lm constant_tsc arch_perfmon pebs bts rep_good nopl xtopology nonstop_tsc aperfmperf eagerfpu pni pclmulqdq dtes64 monitor ds_cpl vmx est tm2 ssse3 cx16 xtpr pdcm pcid sse4_1 sse4_2 popcnt tsc_deadline_timer aes xsave avx f16c rdrand lahf_lm epb tpr_shadow vnmi flexpriority ept vpid fsgsbase smep erms xsaveopt dtherm ida arat pln pts
bugs		:
bogomips	: 7002.66
clflush size	: 64
cache_alignment	: 64
address sizes	: 36 bits physical, 48 bits virtual
power management:

processor	: 1
vendor_id	: GenuineIntel
cpu family	: 6
model		: 58
model name	: Intel(R) Core(TM) i7-3770K CPU @ 3.50GHz
stepping	: 9
microcode	: 0x1c
cpu MHz		: 4299.941
cache size	: 8192 KB
physical id	: 0
siblings	: 8
core id		: 1
cpu cores	: 4
apicid		: 2
initial apicid	: 2
fpu		: yes
fpu_exception	: yes
cpuid level	: 13
wp		: yes
flags		: fpu vme de pse tsc msr pae mce cx8 apic sep mtrr pge mca cmov pat pse36 clflush dts acpi mmx fxsr sse sse2 ss ht tm pbe syscall nx rdtscp lm constant_tsc arch_perfmon pebs bts rep_good nopl xtopology nonstop_tsc aperfmperf eagerfpu pni pclmulqdq dtes64 monitor ds_cpl vmx est tm2 ssse3 cx16 xtpr pdcm pcid sse4_1 sse4_2 popcnt tsc_deadline_timer aes xsave avx f16c rdrand lahf_lm epb tpr_shadow vnmi flexpriority ept vpid fsgsbase smep erms xsaveopt dtherm ida arat pln pts
bugs		:
bogomips	: 7002.66
clflush size	: 64
cache_alignment	: 64
address sizes	: 36 bits physical, 48 bits virtual
power management:

processor	: 2
vendor_id	: GenuineIntel
cpu family	: 6
model		: 58
model name	: Intel(R) Core(TM) i7-3770K CPU @ 3.50GHz
stepping	: 9
microcode	: 0x1c
cpu MHz		: 4299.941
cache size	: 8192 KB
physical id	: 0
siblings	: 8
core id		: 2
cpu cores	: 4
apicid		: 4
initial apicid	: 4
fpu		: yes
fpu_exception	: yes
cpuid level	: 13
wp		: yes
flags		: fpu vme de pse tsc msr pae mce cx8 apic sep mtrr pge mca cmov pat pse36 clflush dts acpi mmx fxsr sse sse2 ss ht tm pbe syscall nx rdtscp lm constant_tsc arch_perfmon pebs bts rep_good nopl xtopology nonstop_tsc aperfmperf eagerfpu pni pclmulqdq dtes64 monitor ds_cpl vmx est tm2 ssse3 cx16 xtpr pdcm pcid sse4_1 sse4_2 popcnt tsc_deadline_timer aes xsave avx f16c rdrand lahf_lm epb tpr_shadow vnmi flexpriority ept vpid fsgsbase smep erms xsaveopt dtherm ida arat pln pts
bugs		:
bogomips	: 7002.66
clflush size	: 64
cache_alignment	: 64
address sizes	: 36 bits physical, 48 bits virtual
power management:

processor	: 3
vendor_id	: GenuineIntel
cpu family	: 6
model		: 58
model name	: Intel(R) Core(TM) i7-3770K CPU @ 3.50GHz
stepping	: 9
microcode	: 0x1c
cpu MHz		: 4299.941
cache size	: 8192 KB
physical id	: 0
siblings	: 8
core id		: 3
cpu cores	: 4
apicid		: 6
initial apicid	: 6
fpu		: yes
fpu_exception	: yes
cpuid level	: 13
wp		: yes
flags		: fpu vme de pse tsc msr pae mce cx8 apic sep mtrr pge mca cmov pat pse36 clflush dts acpi mmx fxsr sse sse2 ss ht tm pbe syscall nx rdtscp lm constant_tsc arch_perfmon pebs bts rep_good nopl xtopology nonstop_tsc aperfmperf eagerfpu pni pclmulqdq dtes64 monitor ds_cpl vmx est tm2 ssse3 cx16 xtpr pdcm pcid sse4_1 sse4_2 popcnt tsc_deadline_timer aes xsave avx f16c rdrand lahf_lm epb tpr_shadow vnmi flexpriority ept vpid fsgsbase smep erms xsaveopt dtherm ida arat pln pts
bugs		:
bogomips	: 7002.66
clflush size	: 64
cache_alignment	: 64
address sizes	: 36 bits physical, 48 bits virtual
power management:

processor	: 4
vendor_id	: GenuineIntel
cpu family	: 6
model		: 58
model name	: Intel(R) Core(TM) i7-3770K CPU @ 3.50GHz
stepping	: 9
microcode	: 0x1c
cpu MHz		: 4299.804
cache size	: 8192 KB
physical id	: 0
siblings	: 8
core id		: 0
cpu cores	: 4
apicid		: 1
initial apicid	: 1
fpu		: yes
fpu_exception	: yes
cpuid level	: 13
wp		: yes
flags		: fpu vme de pse tsc msr pae mce cx8 apic sep mtrr pge mca cmov pat pse36 clflush dts acpi mmx fxsr sse sse2 ss ht tm pbe syscall nx rdtscp lm constant_tsc arch_perfmon pebs bts rep_good nopl xtopology nonstop_tsc aperfmperf eagerfpu pni pclmulqdq dtes64 monitor ds_cpl vmx est tm2 ssse3 cx16 xtpr pdcm pcid sse4_1 sse4_2 popcnt tsc_deadline_timer aes xsave avx f16c rdrand lahf_lm epb tpr_shadow vnmi flexpriority ept vpid fsgsbase smep erms xsaveopt dtherm ida arat pln pts
bugs		:
bogomips	: 7002.66
clflush size	: 64
cache_alignment	: 64
address sizes	: 36 bits physical, 48 bits virtual
power management:

processor	: 5
vendor_id	: GenuineIntel
cpu family	: 6
model		: 58
model name	: Intel(R) Core(TM) i7-3770K CPU @ 3.50GHz
stepping	: 9
microcode	: 0x1c
cpu MHz		: 4299.941
cache size	: 8192 KB
physical id	: 0
siblings	: 8
core id		: 1
cpu cores	: 4
apicid		: 3
initial apicid	: 3
fpu		: yes
fpu_exception	: yes
cpuid level	: 13
wp		: yes
flags		: fpu vme de pse tsc msr pae mce cx8 apic sep mtrr pge mca cmov pat pse36 clflush dts acpi mmx fxsr sse sse2 ss ht tm pbe syscall nx rdtscp lm constant_tsc arch_perfmon pebs bts rep_good nopl xtopology nonstop_tsc aperfmperf eagerfpu pni pclmulqdq dtes64 monitor ds_cpl vmx est tm2 ssse3 cx16 xtpr pdcm pcid sse4_1 sse4_2 popcnt tsc_deadline_timer aes xsave avx f16c rdrand lahf_lm epb tpr_shadow vnmi flexpriority ept vpid fsgsbase smep erms xsaveopt dtherm ida arat pln pts
bugs		:
bogomips	: 7002.66
clflush size	: 64
cache_alignment	: 64
address sizes	: 36 bits physical, 48 bits virtual
power management:

processor	: 6
vendor_id	: GenuineIntel
cpu family	: 6
model		: 58
model name	: Intel(R) Core(TM) i7-3770K CPU @ 3.50GHz
stepping	: 9
microcode	: 0x1c
cpu MHz		: 4299.941
cache size	: 8192 KB
physical id	: 0
siblings	: 8
core id		: 2
cpu cores	: 4
apicid		: 5
initial apicid	: 5
fpu		: yes
fpu_exception	: yes
cpuid level	: 13
wp		: yes
flags		: fpu vme de pse tsc msr pae mce cx8 apic sep mtrr pge mca cmov pat pse36 clflush dts acpi mmx fxsr sse sse2 ss ht tm pbe syscall nx rdtscp lm constant_tsc arch_perfmon pebs bts rep_good nopl xtopology nonstop_tsc aperfmperf eagerfpu pni pclmulqdq dtes64 monitor ds_cpl vmx est tm2 ssse3 cx16 xtpr pdcm pcid sse4_1 sse4_2 popcnt tsc_deadline_timer aes xsave avx f16c rdrand lahf_lm epb tpr_shadow vnmi flexpriority ept vpid fsgsbase smep erms xsaveopt dtherm ida arat pln pts
bugs		:
bogomips	: 7002.66
clflush size	: 64
cache_alignment	: 64
address sizes	: 36 bits physical, 48 bits virtual
power management:

processor	: 7
vendor_id	: GenuineIntel
cpu family	: 6
model		: 58
model name	: Intel(R) Core(TM) i7-3770K CPU @ 3.50GHz
stepping	: 9
microcode	: 0x1c
cpu MHz		: 4299.941
cache size	: 8192 KB
physical id	: 0
siblings	: 8
core id		: 3
cpu cores	: 4
apicid		: 7
initial apicid	: 7
fpu		: yes
fpu_exception	: yes
cpuid level	: 13
wp		: yes
flags		: fpu vme de pse tsc msr pae mce cx8 apic sep mtrr pge mca cmov pat pse36 clflush dts acpi mmx fxsr sse sse2 ss ht tm pbe syscall nx rdtscp lm constant_tsc arch_perfmon pebs bts rep_good nopl xtopology nonstop_tsc aperfmperf eagerfpu pni pclmulqdq dtes64 monitor ds_cpl vmx est tm2 ssse3 cx16 xtpr pdcm pcid sse4_1 sse4_2 popcnt tsc_deadline_timer aes xsave avx f16c rdrand lahf_lm epb tpr_shadow vnmi flexpriority ept vpid fsgsbase smep erms xsaveopt dtherm ida arat pln pts
bugs		:
bogomips	: 7002.66
clflush size	: 64
cache_alignment	: 64
address sizes	: 36 bits physical, 48 bits virtual
power management:



Memory: 4k page, physical 16392468k(4484176k free), swap 4194300k(4194300k free)

vm_info: Java HotSpot(TM) 64-Bit Server VM (25.121-b13) for linux-amd64 JRE (1.8.0_121-b13), built on Dec 12 2016 16:36:53 by "java_re" with gcc 4.3.0 20080428 (Red Hat 4.3.0-8)

time: Sun Feb 26 00:34:48 2017
elapsed time: 0 seconds (0d 0h 0m 0s)

