#
# A fatal error has been detected by the Java Runtime Environment:
#
#  SIGSEGV (0xb) at pc=0x00007febf003cb3c, pid=20960, tid=0x00007febecf4d700
#
# JRE version: Java(TM) SE Runtime Environment (8.0_121-b13) (build 1.8.0_121-b13)
# Java VM: Java HotSpot(TM) 64-Bit Server VM (25.121-b13 mixed mode linux-amd64 compressed oops)
# Problematic frame:
# V  [libjvm.so+0x97bb3c]  ParCompactionManager::follow_marking_stacks()+0x3ac
#
# Failed to write core dump. Core dumps have been disabled. To enable core dumping, try "ulimit -c unlimited" before starting Java again
#
# If you would like to submit a bug report, please visit:
#   http://bugreport.java.com/bugreport/crash.jsp
#

---------------  T H R E A D  ---------------

Current thread (0x00007febe8024000):  GCTaskThread [stack: 0x00007febece4d000,0x00007febecf4e000] [id=20965]

siginfo: si_signo: 11 (SIGSEGV), si_code: 128 (SI_KERNEL), si_addr: 0x0000000000000000

Registers:
RAX=0x00007febac2e0000, RBX=0x0000000001000000, RCX=0x0000000000000000, RDX=0x007ffffffc9da000
RSP=0x00007febecf4c9b0, RBP=0x00007febecf4cb30, RSI=0x0000000000000001, RDI=0x00007febf0685d00
R8 =0x000000076cfb0010, R9 =0x0010000000000000, R10=0x0000000000000004, R11=0x00007febf0681c60
R12=0x00007febe807bed0, R13=0x00007febf0685c80, R14=0x000000076cfaffa0, R15=0x0000000000000004
RIP=0x00007febf003cb3c, EFLAGS=0x0000000000010206, CSGSFS=0x0000000000000033, ERR=0x0000000000000000
  TRAPNO=0x000000000000000d

Top of Stack: (sp=0x00007febecf4c9b0)
0x00007febecf4c9b0:   00000007c0002178 000000076cfb0010
0x00007febecf4c9c0:   00007febe807bee0 00007febecf4cae0
0x00007febecf4c9d0:   00007febecf4cab0 00007febecf4ca90
0x00007febecf4c9e0:   00007febecf4ca80 00007febecf4ca70
0x00007febecf4c9f0:   00007febecf4ca60 00007febecf4ca50
0x00007febecf4ca00:   00007febf0676bb9 00007febe807bf90
0x00007febecf4ca10:   000000076cfa0000 00007febecf4cad0
0x00007febecf4ca20:   00007febecf4cac0 00007febecf4cab0
0x00007febecf4ca30:   0000000000008000 0000000000004000
0x00007febecf4ca40:   00007febe807bf10 00007febecf4caf8
0x00007febecf4ca50:   00007febecf4cac0 00007febecf4cab0
0x00007febecf4ca60:   00000006c5c5182d 00007febe807bf90
0x00007febecf4ca70:   00007febe807cb00 00000006c5c91a08
0x00007febecf4ca80:   000000076cfa0000 00007feb00003e00
0x00007febecf4ca90:   000000076cfa0000 0000000000003e00
0x00007febecf4caa0:   00007febe807bf10 00007febecf4cb58
0x00007febecf4cab0:   0000000100000000 00007febf00233b0
0x00007febecf4cac0:   0000000200000000 00007febe807cb00
0x00007febecf4cad0:   0000001b00000000 00007feb00000000
0x00007febecf4cae0:   0000000300000001 00007febe807e190
0x00007febecf4caf0:   0000000400000001 000000076cfc95b0
0x00007febecf4cb00:   00007febecf4cb20 00007febecf4cc10
0x00007febecf4cb10:   00007febf0685c80 0000000000000003
0x00007febecf4cb20:   00007febe807bed0 000000076cfaf010
0x00007febecf4cb30:   00007febecf4cc70 00007febf00227e5
0x00007febecf4cb40:   00007febe8024870 000000076cfaf010
0x00007febecf4cb50:   00007febecf4cc10 00007febecf4cc00
0x00007febecf4cb60:   00007febecf4cbf0 00007febecf4cbe0
0x00007febecf4cb70:   00007febecf4cc20 00007febecf4cc30
0x00007febecf4cb80:   00007febecf4cc3c 00007febf0676bb9
0x00007febecf4cb90:   00007feb880ddf30 000000076cfa0000
0x00007febecf4cba0:   00007febecf4cbe0 00007febe80248c0 

Instructions: (pc=0x00007febf003cb3c)
0x00007febf003cb1c:   c1 49 8b 45 30 48 c1 ee 03 48 d3 ee 48 89 f2 89
0x00007febf003cb2c:   f1 be 01 00 00 00 83 e1 3f 48 c1 ea 06 48 d3 e6
0x00007febf003cb3c:   48 85 34 d0 75 96 48 8b 85 d0 fe ff ff 0f b6 10
0x00007febf003cb4c:   84 d2 0f 84 7c 05 00 00 48 8b 05 2d 6a 5f 00 8b 

Register to memory mapping:

RAX=0x00007febac2e0000 is an unknown value
RBX=0x0000000001000000 is an unknown value
RCX=0x0000000000000000 is an unknown value
RDX=0x007ffffffc9da000 is an unknown value
RSP=0x00007febecf4c9b0 is an unknown value
RBP=0x00007febecf4cb30 is an unknown value
RSI=0x0000000000000001 is an unknown value
RDI=0x00007febf0685d00: <offset 0xfc4d00> in /usr/lib/jvm/java-8-oracle/jre/lib/amd64/server/libjvm.so at 0x00007febef6c1000
R8 =0x000000076cfb0010 is an unknown value
R9 =0x0010000000000000 is an unknown value
R10=0x0000000000000004 is an unknown value
R11=0x00007febf0681c60: <offset 0xfc0c60> in /usr/lib/jvm/java-8-oracle/jre/lib/amd64/server/libjvm.so at 0x00007febef6c1000
R12=0x00007febe807bed0 is an unknown value
R13=0x00007febf0685c80: <offset 0xfc4c80> in /usr/lib/jvm/java-8-oracle/jre/lib/amd64/server/libjvm.so at 0x00007febef6c1000
R14=0x000000076cfaffa0 is an oop

[error occurred during error reporting (printing register info), id 0xb]

Stack: [0x00007febece4d000,0x00007febecf4e000],  sp=0x00007febecf4c9b0,  free space=1022k
Native frames: (J=compiled Java code, j=interpreted, Vv=VM code, C=native code)
V  [libjvm.so+0x97bb3c]  ParCompactionManager::follow_marking_stacks()+0x3ac
V  [libjvm.so+0x9617e5]  StealMarkingTask::do_it(GCTaskManager*, unsigned int)+0x2e5
V  [libjvm.so+0x5d7e7f]  GCTaskThread::run()+0x12f
V  [libjvm.so+0x926268]  java_start(Thread*)+0x108


---------------  P R O C E S S  ---------------

Java Threads: ( => current thread )
  0x00007febe80ca800 JavaThread "Service Thread" daemon [_thread_blocked, id=20978, stack(0x00007febb9fa8000,0x00007febba0a9000)]
  0x00007febe80c7800 JavaThread "C1 CompilerThread3" daemon [_thread_blocked, id=20977, stack(0x00007febba0a9000,0x00007febba1aa000)]
  0x00007febe80c5800 JavaThread "C2 CompilerThread2" daemon [_thread_blocked, id=20976, stack(0x00007febba1aa000,0x00007febba2ab000)]
  0x00007febe80c4000 JavaThread "C2 CompilerThread1" daemon [_thread_blocked, id=20975, stack(0x00007febba2ab000,0x00007febba3ac000)]
  0x00007febe80c1000 JavaThread "C2 CompilerThread0" daemon [_thread_blocked, id=20974, stack(0x00007febba3ac000,0x00007febba4ad000)]
  0x00007febe80bf800 JavaThread "Signal Dispatcher" daemon [_thread_blocked, id=20973, stack(0x00007febba4ad000,0x00007febba5ae000)]
  0x00007febe808c000 JavaThread "Finalizer" daemon [_thread_blocked, id=20972, stack(0x00007febba886000,0x00007febba987000)]
  0x00007febe8087800 JavaThread "Reference Handler" daemon [_thread_blocked, id=20971, stack(0x00007febba987000,0x00007febbaa88000)]
  0x00007febe8009800 JavaThread "main" [_thread_blocked, id=20961, stack(0x00007febf11ad000,0x00007febf12ae000)]

Other Threads:
  0x00007febe807f800 VMThread [stack: 0x00007febbaa88000,0x00007febbab89000] [id=20970]
  0x00007febe80cd800 WatcherThread [stack: 0x00007febb9ea7000,0x00007febb9fa8000] [id=20979]

=>0x00007febe8024000 (exited) GCTaskThread [stack: 0x00007febece4d000,0x00007febecf4e000] [id=20965]

VM state:at safepoint (normal execution)

VM Mutex/Monitor currently owned by a thread:  ([mutex/lock_event])
[0x00007febe8005f40] Threads_lock - owner thread: 0x00007febe807f800
[0x00007febe8006440] Heap_lock - owner thread: 0x00007febe8009800

Heap:
 PSYoungGen      total 6656K, used 496K [0x000000076c980000, 0x000000076dc80000, 0x00000007c0000000)
  eden space 6144K, 0% used [0x000000076c980000,0x000000076c980000,0x000000076cf80000)
  from space 512K, 96% used [0x000000076cf80000,0x000000076cffc020,0x000000076d000000)
  to   space 3584K, 0% used [0x000000076d900000,0x000000076d900000,0x000000076dc80000)
 ParOldGen       total 5632K, used 4866K [0x00000006c5c00000, 0x00000006c6180000, 0x000000076c980000)
  object space 5632K, 86% used [0x00000006c5c00000,0x00000006c60c0ab8,0x00000006c6180000)
 Metaspace       used 7222K, capacity 8148K, committed 8448K, reserved 1056768K
  class space    used 876K, capacity 912K, committed 1024K, reserved 1048576K

Card table byte_map: [0x00007febed788000,0x00007febedf5b000] byte_map_base: 0x00007febea15a000

Marking Bits: (ParMarkBitMap*) 0x00007febf0685c80
 Begin Bits: [0x00007febac2e0000, 0x00007febb0170000)
 End Bits:   [0x00007febb0170000, 0x00007febb4000000)

Polling page: 0x00007febf12d5000

CodeCache: size=245760Kb used=2114Kb max_used=2126Kb free=243645Kb
 bounds [0x00007febd9000000, 0x00007febd9270000, 0x00007febe8000000]
 total_blobs=680 nmethods=396 adapters=198
 compilation: enabled

Compilation events (10 events):
Event: 0.335 Thread 0x00007febe80c5800 nmethod 394 0x00007febd9213250 code [0x00007febd92133a0, 0x00007febd92134d8]
Event: 0.335 Thread 0x00007febe80c5800  395       4       java.lang.ThreadLocal$ThreadLocalMap::getEntry (42 bytes)
Event: 0.335 Thread 0x00007febe80c5800 nmethod 395 0x00007febd9213690 code [0x00007febd92137e0, 0x00007febd92138f8]
Event: 0.335 Thread 0x00007febe80c5800  396       4       java.lang.String::checkBounds (46 bytes)
Event: 0.336 Thread 0x00007febe80c5800 nmethod 396 0x00007febd9210290 code [0x00007febd92103e0, 0x00007febd9210498]
Event: 0.336 Thread 0x00007febe80c5800  398   !   4       java.lang.StringCoding::decode (120 bytes)
Event: 0.337 Thread 0x00007febe80c7800  403       3       com.sun.tools.javac.file.RelativePath::equals (24 bytes)
Event: 0.337 Thread 0x00007febe80c7800 nmethod 403 0x00007febd9212b50 code [0x00007febd9212ce0, 0x00007febd9213128]
Event: 0.338 Thread 0x00007febe80c1000 nmethod 392 0x00007febd9210d10 code [0x00007febd9210e80, 0x00007febd92112d8]
Event: 0.338 Thread 0x00007febe80c1000  402       4       com.sun.tools.javac.file.RelativePath::hashCode (8 bytes)

GC Heap History (10 events):
Event: 0.144 GC heap after
Heap after GC invocations=1 (full 0):
 PSYoungGen      total 2048K, used 512K [0x000000076c980000, 0x000000076cd80000, 0x00000007c0000000)
  eden space 1536K, 0% used [0x000000076c980000,0x000000076c980000,0x000000076cb00000)
  from space 512K, 100% used [0x000000076cb00000,0x000000076cb80000,0x000000076cb80000)
  to   space 512K, 0% used [0x000000076cd00000,0x000000076cd00000,0x000000076cd80000)
 ParOldGen       total 5632K, used 40K [0x00000006c5c00000, 0x00000006c6180000, 0x000000076c980000)
  object space 5632K, 0% used [0x00000006c5c00000,0x00000006c5c0a010,0x00000006c6180000)
 Metaspace       used 3374K, capacity 4812K, committed 5120K, reserved 1056768K
  class space    used 390K, capacity 456K, committed 512K, reserved 1048576K
}
Event: 0.171 GC heap before
{Heap before GC invocations=2 (full 0):
 PSYoungGen      total 2048K, used 1936K [0x000000076c980000, 0x000000076cd80000, 0x00000007c0000000)
  eden space 1536K, 92% used [0x000000076c980000,0x000000076cae42a8,0x000000076cb00000)
  from space 512K, 100% used [0x000000076cb00000,0x000000076cb80000,0x000000076cb80000)
  to   space 512K, 0% used [0x000000076cd00000,0x000000076cd00000,0x000000076cd80000)
 ParOldGen       total 5632K, used 40K [0x00000006c5c00000, 0x00000006c6180000, 0x000000076c980000)
  object space 5632K, 0% used [0x00000006c5c00000,0x00000006c5c0a010,0x00000006c6180000)
 Metaspace       used 3988K, capacity 5324K, committed 5504K, reserved 1056768K
  class space    used 473K, capacity 520K, committed 640K, reserved 1048576K
Event: 0.173 GC heap after
Heap after GC invocations=2 (full 0):
 PSYoungGen      total 3584K, used 496K [0x000000076c980000, 0x000000076cd80000, 0x00000007c0000000)
  eden space 3072K, 0% used [0x000000076c980000,0x000000076c980000,0x000000076cc80000)
  from space 512K, 96% used [0x000000076cd00000,0x000000076cd7c020,0x000000076cd80000)
  to   space 512K, 0% used [0x000000076cc80000,0x000000076cc80000,0x000000076cd00000)
 ParOldGen       total 5632K, used 204K [0x00000006c5c00000, 0x00000006c6180000, 0x000000076c980000)
  object space 5632K, 3% used [0x00000006c5c00000,0x00000006c5c33020,0x00000006c6180000)
 Metaspace       used 3988K, capacity 5324K, committed 5504K, reserved 1056768K
  class space    used 473K, capacity 520K, committed 640K, reserved 1048576K
}
Event: 0.223 GC heap before
{Heap before GC invocations=3 (full 0):
 PSYoungGen      total 3584K, used 3568K [0x000000076c980000, 0x000000076cd80000, 0x00000007c0000000)
  eden space 3072K, 100% used [0x000000076c980000,0x000000076cc80000,0x000000076cc80000)
  from space 512K, 96% used [0x000000076cd00000,0x000000076cd7c020,0x000000076cd80000)
  to   space 512K, 0% used [0x000000076cc80000,0x000000076cc80000,0x000000076cd00000)
 ParOldGen       total 5632K, used 204K [0x00000006c5c00000, 0x00000006c6180000, 0x000000076c980000)
  object space 5632K, 3% used [0x00000006c5c00000,0x00000006c5c33020,0x00000006c6180000)
 Metaspace       used 5076K, capacity 6348K, committed 6656K, reserved 1056768K
  class space    used 616K, capacity 648K, committed 768K, reserved 1048576K
Event: 0.224 GC heap after
Heap after GC invocations=3 (full 0):
 PSYoungGen      total 3584K, used 480K [0x000000076c980000, 0x000000076d080000, 0x00000007c0000000)
  eden space 3072K, 0% used [0x000000076c980000,0x000000076c980000,0x000000076cc80000)
  from space 512K, 93% used [0x000000076cc80000,0x000000076ccf8010,0x000000076cd00000)
  to   space 512K, 0% used [0x000000076d000000,0x000000076d000000,0x000000076d080000)
 ParOldGen       total 5632K, used 632K [0x00000006c5c00000, 0x00000006c6180000, 0x000000076c980000)
  object space 5632K, 11% used [0x00000006c5c00000,0x00000006c5c9e080,0x00000006c6180000)
 Metaspace       used 5076K, capacity 6348K, committed 6656K, reserved 1056768K
  class space    used 616K, capacity 648K, committed 768K, reserved 1048576K
}
Event: 0.277 GC heap before
{Heap before GC invocations=4 (full 0):
 PSYoungGen      total 3584K, used 3528K [0x000000076c980000, 0x000000076d080000, 0x00000007c0000000)
  eden space 3072K, 99% used [0x000000076c980000,0x000000076cc7a060,0x000000076cc80000)
  from space 512K, 93% used [0x000000076cc80000,0x000000076ccf8010,0x000000076cd00000)
  to   space 512K, 0% used [0x000000076d000000,0x000000076d000000,0x000000076d080000)
 ParOldGen       total 5632K, used 632K [0x00000006c5c00000, 0x00000006c6180000, 0x000000076c980000)
  object space 5632K, 11% used [0x00000006c5c00000,0x00000006c5c9e080,0x00000006c6180000)
 Metaspace       used 6189K, capacity 7372K, committed 7552K, reserved 1056768K
  class space    used 765K, capacity 776K, committed 896K, reserved 1048576K
Event: 0.278 GC heap after
Heap after GC invocations=4 (full 0):
 PSYoungGen      total 6656K, used 511K [0x000000076c980000, 0x000000076d080000, 0x00000007c0000000)
  eden space 6144K, 0% used [0x000000076c980000,0x000000076c980000,0x000000076cf80000)
  from space 512K, 99% used [0x000000076d000000,0x000000076d07fc20,0x000000076d080000)
  to   space 512K, 0% used [0x000000076cf80000,0x000000076cf80000,0x000000076d000000)
 ParOldGen       total 5632K, used 920K [0x00000006c5c00000, 0x00000006c6180000, 0x000000076c980000)
  object space 5632K, 16% used [0x00000006c5c00000,0x00000006c5ce6080,0x00000006c6180000)
 Metaspace       used 6189K, capacity 7372K, committed 7552K, reserved 1056768K
  class space    used 765K, capacity 776K, committed 896K, reserved 1048576K
}
Event: 0.339 GC heap before
{Heap before GC invocations=5 (full 0):
 PSYoungGen      total 6656K, used 6655K [0x000000076c980000, 0x000000076d080000, 0x00000007c0000000)
  eden space 6144K, 100% used [0x000000076c980000,0x000000076cf80000,0x000000076cf80000)
  from space 512K, 99% used [0x000000076d000000,0x000000076d07fc20,0x000000076d080000)
  to   space 512K, 0% used [0x000000076cf80000,0x000000076cf80000,0x000000076d000000)
 ParOldGen       total 5632K, used 920K [0x00000006c5c00000, 0x00000006c6180000, 0x000000076c980000)
  object space 5632K, 16% used [0x00000006c5c00000,0x00000006c5ce6080,0x00000006c6180000)
 Metaspace       used 7222K, capacity 8148K, committed 8448K, reserved 1056768K
  class space    used 876K, capacity 912K, committed 1024K, reserved 1048576K
Event: 0.341 GC heap after
Heap after GC invocations=5 (full 0):
 PSYoungGen      total 6656K, used 496K [0x000000076c980000, 0x000000076dc80000, 0x00000007c0000000)
  eden space 6144K, 0% used [0x000000076c980000,0x000000076c980000,0x000000076cf80000)
  from space 512K, 96% used [0x000000076cf80000,0x000000076cffc020,0x000000076d000000)
  to   space 3584K, 0% used [0x000000076d900000,0x000000076d900000,0x000000076dc80000)
 ParOldGen       total 5632K, used 4866K [0x00000006c5c00000, 0x00000006c6180000, 0x000000076c980000)
  object space 5632K, 86% used [0x00000006c5c00000,0x00000006c60c0ab8,0x00000006c6180000)
 Metaspace       used 7222K, capacity 8148K, committed 8448K, reserved 1056768K
  class space    used 876K, capacity 912K, committed 1024K, reserved 1048576K
}
Event: 0.341 GC heap before
{Heap before GC invocations=6 (full 1):
 PSYoungGen      total 6656K, used 496K [0x000000076c980000, 0x000000076dc80000, 0x00000007c0000000)
  eden space 6144K, 0% used [0x000000076c980000,0x000000076c980000,0x000000076cf80000)
  from space 512K, 96% used [0x000000076cf80000,0x000000076cffc020,0x000000076d000000)
  to   space 3584K, 0% used [0x000000076d900000,0x000000076d900000,0x000000076dc80000)
 ParOldGen       total 5632K, used 4866K [0x00000006c5c00000, 0x00000006c6180000, 0x000000076c980000)
  object space 5632K, 86% used [0x00000006c5c00000,0x00000006c60c0ab8,0x00000006c6180000)
 Metaspace       used 7222K, capacity 8148K, committed 8448K, reserved 1056768K
  class space    used 876K, capacity 912K, committed 1024K, reserved 1048576K

Deoptimization events (6 events):
Event: 0.293 Thread 0x00007febe8009800 Uncommon trap: reason=unstable_if action=reinterpret pc=0x00007febd9139e44 method=java.lang.String.indexOf(II)I @ 49
Event: 0.293 Thread 0x00007febe8009800 Uncommon trap: reason=unstable_if action=reinterpret pc=0x00007febd9178244 method=java.lang.String.replace(CC)Ljava/lang/String; @ 2
Event: 0.295 Thread 0x00007febe8009800 Uncommon trap: reason=class_check action=maybe_recompile pc=0x00007febd91a4194 method=sun.misc.URLClassPath.getLoader(I)Lsun/misc/URLClassPath$Loader; @ 94
Event: 0.295 Thread 0x00007febe8009800 Uncommon trap: reason=unstable_if action=reinterpret pc=0x00007febd9199eac method=java.lang.String.indexOf([CII[CIII)I @ 134
Event: 0.310 Thread 0x00007febe8009800 Uncommon trap: reason=unstable_if action=reinterpret pc=0x00007febd91adaec method=java.lang.String.<init>([CII)V @ 18
Event: 0.312 Thread 0x00007febe8009800 Uncommon trap: reason=unstable_if action=reinterpret pc=0x00007febd91c4e98 method=com.sun.tools.javac.parser.UnicodeReader.scanChar()V @ 37

Internal exceptions (8 events):
Event: 0.033 Thread 0x00007febe8009800 Exception <a 'java/lang/NoSuchMethodError': Method sun.misc.Unsafe.defineClass(Ljava/lang/String;[BII)Ljava/lang/Class; name or signature does not match> (0x000000076c987cd8) thrown at [/HUDSON3/workspace/8-2-build-linux-amd64/jdk8u121/8372/hotspot/src/sh
Event: 0.033 Thread 0x00007febe8009800 Exception <a 'java/lang/NoSuchMethodError': Method sun.misc.Unsafe.prefetchRead(Ljava/lang/Object;J)V name or signature does not match> (0x000000076c987fc0) thrown at [/HUDSON3/workspace/8-2-build-linux-amd64/jdk8u121/8372/hotspot/src/share/vm/prims/jni.c
Event: 0.137 Thread 0x00007febe8009800 Exception <a 'java/security/PrivilegedActionException'> (0x000000076cae2c10) thrown at [/HUDSON3/workspace/8-2-build-linux-amd64/jdk8u121/8372/hotspot/src/share/vm/prims/jvm.cpp, line 1390]
Event: 0.137 Thread 0x00007febe8009800 Exception <a 'java/security/PrivilegedActionException'> (0x000000076cae3008) thrown at [/HUDSON3/workspace/8-2-build-linux-amd64/jdk8u121/8372/hotspot/src/share/vm/prims/jvm.cpp, line 1390]
Event: 0.137 Thread 0x00007febe8009800 Exception <a 'java/security/PrivilegedActionException'> (0x000000076cae5658) thrown at [/HUDSON3/workspace/8-2-build-linux-amd64/jdk8u121/8372/hotspot/src/share/vm/prims/jvm.cpp, line 1390]
Event: 0.137 Thread 0x00007febe8009800 Exception <a 'java/security/PrivilegedActionException'> (0x000000076cae5a50) thrown at [/HUDSON3/workspace/8-2-build-linux-amd64/jdk8u121/8372/hotspot/src/share/vm/prims/jvm.cpp, line 1390]
Event: 0.145 Thread 0x00007febe8009800 Exception <a 'java/security/PrivilegedActionException'> (0x000000076c9a4130) thrown at [/HUDSON3/workspace/8-2-build-linux-amd64/jdk8u121/8372/hotspot/src/share/vm/prims/jvm.cpp, line 1390]
Event: 0.145 Thread 0x00007febe8009800 Exception <a 'java/security/PrivilegedActionException'> (0x000000076c9a4528) thrown at [/HUDSON3/workspace/8-2-build-linux-amd64/jdk8u121/8372/hotspot/src/share/vm/prims/jvm.cpp, line 1390]

Events (10 events):
Event: 0.326 loading class com/sun/tools/javac/file/ZipFileIndex$Entry done
Event: 0.330 loading class java/util/Arrays$LegacyMergeSort
Event: 0.330 loading class java/util/Arrays$LegacyMergeSort done
Event: 0.330 loading class sun/security/action/GetBooleanAction
Event: 0.330 loading class sun/security/action/GetBooleanAction done
Event: 0.330 loading class java/util/ComparableTimSort
Event: 0.330 loading class java/util/ComparableTimSort done
Event: 0.331 loading class java/io/RandomAccessFile$1
Event: 0.331 loading class java/io/RandomAccessFile$1 done
Event: 0.339 Executing VM operation: ParallelGCFailedAllocation


Dynamic libraries:
00400000-00401000 r-xp 00000000 08:42 4850667                            /usr/lib/jvm/java-8-oracle/bin/javac
00600000-00601000 rw-p 00000000 08:42 4850667                            /usr/lib/jvm/java-8-oracle/bin/javac
02018000-02039000 rw-p 00000000 00:00 0                                  [heap]
6c5c00000-6c6180000 rw-p 00000000 00:00 0 
6c6180000-76c980000 ---p 00000000 00:00 0 
76c980000-76dc80000 rw-p 00000000 00:00 0 
76dc80000-7c0000000 ---p 00000000 00:00 0 
7c0000000-7c0100000 rw-p 00000000 00:00 0 
7c0100000-800000000 ---p 00000000 00:00 0 
7feb80000000-7feb80021000 rw-p 00000000 00:00 0 
7feb80021000-7feb84000000 ---p 00000000 00:00 0 
7feb88000000-7feb88189000 rw-p 00000000 00:00 0 
7feb88189000-7feb8c000000 ---p 00000000 00:00 0 
7feb8c000000-7feb8c021000 rw-p 00000000 00:00 0 
7feb8c021000-7feb90000000 ---p 00000000 00:00 0 
7feb90000000-7feb90119000 rw-p 00000000 00:00 0 
7feb90119000-7feb94000000 ---p 00000000 00:00 0 
7feb94000000-7feb940af000 rw-p 00000000 00:00 0 
7feb940af000-7feb98000000 ---p 00000000 00:00 0 
7feb98000000-7feb98021000 rw-p 00000000 00:00 0 
7feb98021000-7feb9c000000 ---p 00000000 00:00 0 
7feb9c000000-7feb9c170000 rw-p 00000000 00:00 0 
7feb9c170000-7feba0000000 ---p 00000000 00:00 0 
7feba0000000-7feba0021000 rw-p 00000000 00:00 0 
7feba0021000-7feba4000000 ---p 00000000 00:00 0 
7feba4000000-7feba4021000 rw-p 00000000 00:00 0 
7feba4021000-7feba8000000 ---p 00000000 00:00 0 
7feba8000000-7feba8021000 rw-p 00000000 00:00 0 
7feba8021000-7febac000000 ---p 00000000 00:00 0 
7febac2e0000-7febb4000000 rw-p 00000000 00:00 0 
7febb4000000-7febb4021000 rw-p 00000000 00:00 0 
7febb4021000-7febb8000000 ---p 00000000 00:00 0 
7febb9e2d000-7febb9ea7000 r--s 010f6000 08:42 4862320                    /usr/lib/jvm/java-8-oracle/lib/tools.jar
7febb9ea7000-7febb9ea8000 ---p 00000000 00:00 0 
7febb9ea8000-7febb9fa8000 rw-p 00000000 00:00 0 
7febb9fa8000-7febb9fab000 ---p 00000000 00:00 0 
7febb9fab000-7febba0a9000 rw-p 00000000 00:00 0 
7febba0a9000-7febba0ac000 ---p 00000000 00:00 0 
7febba0ac000-7febba1aa000 rw-p 00000000 00:00 0 
7febba1aa000-7febba1ad000 ---p 00000000 00:00 0 
7febba1ad000-7febba2ab000 rw-p 00000000 00:00 0 
7febba2ab000-7febba2ae000 ---p 00000000 00:00 0 
7febba2ae000-7febba3ac000 rw-p 00000000 00:00 0 
7febba3ac000-7febba3af000 ---p 00000000 00:00 0 
7febba3af000-7febba4ad000 rw-p 00000000 00:00 0 
7febba4ad000-7febba4b0000 ---p 00000000 00:00 0 
7febba4b0000-7febba5ae000 rw-p 00000000 00:00 0 
7febba5ae000-7febba886000 r--p 00000000 08:42 4589083                    /usr/lib/locale/locale-archive
7febba886000-7febba889000 ---p 00000000 00:00 0 
7febba889000-7febba987000 rw-p 00000000 00:00 0 
7febba987000-7febba98a000 ---p 00000000 00:00 0 
7febba98a000-7febbaa88000 rw-p 00000000 00:00 0 
7febbaa88000-7febbaa89000 ---p 00000000 00:00 0 
7febbaa89000-7febbc000000 rw-p 00000000 00:00 0 
7febbc000000-7febbc021000 rw-p 00000000 00:00 0 
7febbc021000-7febc0000000 ---p 00000000 00:00 0 
7febc0000000-7febc0021000 rw-p 00000000 00:00 0 
7febc0021000-7febc4000000 ---p 00000000 00:00 0 
7febc4000000-7febc4294000 rw-p 00000000 00:00 0 
7febc4294000-7febc8000000 ---p 00000000 00:00 0 
7febc8000000-7febc8021000 rw-p 00000000 00:00 0 
7febc8021000-7febcc000000 ---p 00000000 00:00 0 
7febcc000000-7febcc021000 rw-p 00000000 00:00 0 
7febcc021000-7febd0000000 ---p 00000000 00:00 0 
7febd0000000-7febd0021000 rw-p 00000000 00:00 0 
7febd0021000-7febd4000000 ---p 00000000 00:00 0 
7febd4000000-7febd4021000 rw-p 00000000 00:00 0 
7febd4021000-7febd8000000 ---p 00000000 00:00 0 
7febd8005000-7febd8f40000 rw-p 00000000 00:00 0 
7febd8f40000-7febd9000000 ---p 00000000 00:00 0 
7febd9000000-7febd9270000 rwxp 00000000 00:00 0 
7febd9270000-7febe8000000 ---p 00000000 00:00 0 
7febe8000000-7febe8468000 rw-p 00000000 00:00 0 
7febe8468000-7febec000000 ---p 00000000 00:00 0 
7febec007000-7febec028000 rw-p 00000000 00:00 0 
7febec028000-7febec201000 r--s 03d3e000 08:42 4850836                    /usr/lib/jvm/java-8-oracle/jre/lib/rt.jar
7febec201000-7febeca49000 rw-p 00000000 00:00 0 
7febeca49000-7febeca4a000 ---p 00000000 00:00 0 
7febeca4a000-7febecb4a000 rw-p 00000000 00:00 0 
7febecb4a000-7febecb4b000 ---p 00000000 00:00 0 
7febecb4b000-7febecc4b000 rw-p 00000000 00:00 0 
7febecc4b000-7febecc4c000 ---p 00000000 00:00 0 
7febecc4c000-7febecd4c000 rw-p 00000000 00:00 0 
7febecd4c000-7febecd4d000 ---p 00000000 00:00 0 
7febecd4d000-7febece4d000 rw-p 00000000 00:00 0 
7febece4d000-7febece4e000 ---p 00000000 00:00 0 
7febece4e000-7febecf4e000 rw-p 00000000 00:00 0 
7febecf4e000-7febecf4f000 ---p 00000000 00:00 0 
7febecf4f000-7febed04f000 rw-p 00000000 00:00 0 
7febed04f000-7febed050000 ---p 00000000 00:00 0 
7febed050000-7febed150000 rw-p 00000000 00:00 0 
7febed150000-7febed151000 ---p 00000000 00:00 0 
7febed151000-7febed254000 rw-p 00000000 00:00 0 
7febed254000-7febed788000 ---p 00000000 00:00 0 
7febed788000-7febed78b000 rw-p 00000000 00:00 0 
7febed78b000-7febedcbe000 ---p 00000000 00:00 0 
7febedcbe000-7febedcc9000 rw-p 00000000 00:00 0 
7febedcc9000-7febedf5a000 ---p 00000000 00:00 0 
7febedf5a000-7febedf65000 rw-p 00000000 00:00 0 
7febedf65000-7febee31b000 ---p 00000000 00:00 0 
7febee31b000-7febee335000 r-xp 00000000 08:42 4851419                    /usr/lib/jvm/java-8-oracle/jre/lib/amd64/libzip.so
7febee335000-7febee535000 ---p 0001a000 08:42 4851419                    /usr/lib/jvm/java-8-oracle/jre/lib/amd64/libzip.so
7febee535000-7febee536000 rw-p 0001a000 08:42 4851419                    /usr/lib/jvm/java-8-oracle/jre/lib/amd64/libzip.so
7febee536000-7febee541000 r-xp 00000000 08:42 2236714                    /lib/x86_64-linux-gnu/libnss_files-2.23.so
7febee541000-7febee740000 ---p 0000b000 08:42 2236714                    /lib/x86_64-linux-gnu/libnss_files-2.23.so
7febee740000-7febee741000 r--p 0000a000 08:42 2236714                    /lib/x86_64-linux-gnu/libnss_files-2.23.so
7febee741000-7febee742000 rw-p 0000b000 08:42 2236714                    /lib/x86_64-linux-gnu/libnss_files-2.23.so
7febee742000-7febee748000 rw-p 00000000 00:00 0 
7febee748000-7febee753000 r-xp 00000000 08:42 2236680                    /lib/x86_64-linux-gnu/libnss_nis-2.23.so
7febee753000-7febee952000 ---p 0000b000 08:42 2236680                    /lib/x86_64-linux-gnu/libnss_nis-2.23.so
7febee952000-7febee953000 r--p 0000a000 08:42 2236680                    /lib/x86_64-linux-gnu/libnss_nis-2.23.so
7febee953000-7febee954000 rw-p 0000b000 08:42 2236680                    /lib/x86_64-linux-gnu/libnss_nis-2.23.so
7febee954000-7febee96a000 r-xp 00000000 08:42 2236706                    /lib/x86_64-linux-gnu/libnsl-2.23.so
7febee96a000-7febeeb69000 ---p 00016000 08:42 2236706                    /lib/x86_64-linux-gnu/libnsl-2.23.so
7febeeb69000-7febeeb6a000 r--p 00015000 08:42 2236706                    /lib/x86_64-linux-gnu/libnsl-2.23.so
7febeeb6a000-7febeeb6b000 rw-p 00016000 08:42 2236706                    /lib/x86_64-linux-gnu/libnsl-2.23.so
7febeeb6b000-7febeeb6d000 rw-p 00000000 00:00 0 
7febeeb6d000-7febeeb75000 r-xp 00000000 08:42 2236708                    /lib/x86_64-linux-gnu/libnss_compat-2.23.so
7febeeb75000-7febeed74000 ---p 00008000 08:42 2236708                    /lib/x86_64-linux-gnu/libnss_compat-2.23.so
7febeed74000-7febeed75000 r--p 00007000 08:42 2236708                    /lib/x86_64-linux-gnu/libnss_compat-2.23.so
7febeed75000-7febeed76000 rw-p 00008000 08:42 2236708                    /lib/x86_64-linux-gnu/libnss_compat-2.23.so
7febeed76000-7febeeda1000 r-xp 00000000 08:42 4852488                    /usr/lib/jvm/java-8-oracle/jre/lib/amd64/libjava.so
7febeeda1000-7febeefa0000 ---p 0002b000 08:42 4852488                    /usr/lib/jvm/java-8-oracle/jre/lib/amd64/libjava.so
7febeefa0000-7febeefa2000 rw-p 0002a000 08:42 4852488                    /usr/lib/jvm/java-8-oracle/jre/lib/amd64/libjava.so
7febeefa2000-7febeefaf000 r-xp 00000000 08:42 4850845                    /usr/lib/jvm/java-8-oracle/jre/lib/amd64/libverify.so
7febeefaf000-7febef1ae000 ---p 0000d000 08:42 4850845                    /usr/lib/jvm/java-8-oracle/jre/lib/amd64/libverify.so
7febef1ae000-7febef1b0000 rw-p 0000c000 08:42 4850845                    /usr/lib/jvm/java-8-oracle/jre/lib/amd64/libverify.so
7febef1b0000-7febef1b7000 r-xp 00000000 08:42 2236679                    /lib/x86_64-linux-gnu/librt-2.23.so
7febef1b7000-7febef3b6000 ---p 00007000 08:42 2236679                    /lib/x86_64-linux-gnu/librt-2.23.so
7febef3b6000-7febef3b7000 r--p 00006000 08:42 2236679                    /lib/x86_64-linux-gnu/librt-2.23.so
7febef3b7000-7febef3b8000 rw-p 00007000 08:42 2236679                    /lib/x86_64-linux-gnu/librt-2.23.so
7febef3b8000-7febef4c0000 r-xp 00000000 08:42 2236702                    /lib/x86_64-linux-gnu/libm-2.23.so
7febef4c0000-7febef6bf000 ---p 00108000 08:42 2236702                    /lib/x86_64-linux-gnu/libm-2.23.so
7febef6bf000-7febef6c0000 r--p 00107000 08:42 2236702                    /lib/x86_64-linux-gnu/libm-2.23.so
7febef6c0000-7febef6c1000 rw-p 00108000 08:42 2236702                    /lib/x86_64-linux-gnu/libm-2.23.so
7febef6c1000-7febf038f000 r-xp 00000000 08:42 4852500                    /usr/lib/jvm/java-8-oracle/jre/lib/amd64/server/libjvm.so
7febf038f000-7febf058f000 ---p 00cce000 08:42 4852500                    /usr/lib/jvm/java-8-oracle/jre/lib/amd64/server/libjvm.so
7febf058f000-7febf0668000 rw-p 00cce000 08:42 4852500                    /usr/lib/jvm/java-8-oracle/jre/lib/amd64/server/libjvm.so
7febf0668000-7febf06b3000 rw-p 00000000 00:00 0 
7febf06b3000-7febf0872000 r-xp 00000000 08:42 2236692                    /lib/x86_64-linux-gnu/libc-2.23.so
7febf0872000-7febf0a72000 ---p 001bf000 08:42 2236692                    /lib/x86_64-linux-gnu/libc-2.23.so
7febf0a72000-7febf0a76000 r--p 001bf000 08:42 2236692                    /lib/x86_64-linux-gnu/libc-2.23.so
7febf0a76000-7febf0a78000 rw-p 001c3000 08:42 2236692                    /lib/x86_64-linux-gnu/libc-2.23.so
7febf0a78000-7febf0a7c000 rw-p 00000000 00:00 0 
7febf0a7c000-7febf0a7f000 r-xp 00000000 08:42 2236687                    /lib/x86_64-linux-gnu/libdl-2.23.so
7febf0a7f000-7febf0c7e000 ---p 00003000 08:42 2236687                    /lib/x86_64-linux-gnu/libdl-2.23.so
7febf0c7e000-7febf0c7f000 r--p 00002000 08:42 2236687                    /lib/x86_64-linux-gnu/libdl-2.23.so
7febf0c7f000-7febf0c80000 rw-p 00003000 08:42 2236687                    /lib/x86_64-linux-gnu/libdl-2.23.so
7febf0c80000-7febf0c95000 r-xp 00000000 08:42 4862290                    /usr/lib/jvm/java-8-oracle/lib/amd64/jli/libjli.so
7febf0c95000-7febf0e95000 ---p 00015000 08:42 4862290                    /usr/lib/jvm/java-8-oracle/lib/amd64/jli/libjli.so
7febf0e95000-7febf0e96000 rw-p 00015000 08:42 4862290                    /usr/lib/jvm/java-8-oracle/lib/amd64/jli/libjli.so
7febf0e96000-7febf0eae000 r-xp 00000000 08:42 2236704                    /lib/x86_64-linux-gnu/libpthread-2.23.so
7febf0eae000-7febf10ad000 ---p 00018000 08:42 2236704                    /lib/x86_64-linux-gnu/libpthread-2.23.so
7febf10ad000-7febf10ae000 r--p 00017000 08:42 2236704                    /lib/x86_64-linux-gnu/libpthread-2.23.so
7febf10ae000-7febf10af000 rw-p 00018000 08:42 2236704                    /lib/x86_64-linux-gnu/libpthread-2.23.so
7febf10af000-7febf10b3000 rw-p 00000000 00:00 0 
7febf10b3000-7febf10d9000 r-xp 00000000 08:42 2228312                    /lib/x86_64-linux-gnu/ld-2.23.so
7febf10db000-7febf11ad000 rw-p 00000000 00:00 0 
7febf11ad000-7febf11b0000 ---p 00000000 00:00 0 
7febf11b0000-7febf12b2000 rw-p 00000000 00:00 0 
7febf12cc000-7febf12d4000 rw-s 00000000 08:42 1048668                    /tmp/hsperfdata_ubuntu/20960
7febf12d4000-7febf12d5000 rw-p 00000000 00:00 0 
7febf12d5000-7febf12d6000 ---p 00000000 00:00 0 
7febf12d6000-7febf12d8000 rw-p 00000000 00:00 0 
7febf12d8000-7febf12d9000 r--p 00025000 08:42 2228312                    /lib/x86_64-linux-gnu/ld-2.23.so
7febf12d9000-7febf12da000 rw-p 00026000 08:42 2228312                    /lib/x86_64-linux-gnu/ld-2.23.so
7febf12da000-7febf12db000 rw-p 00000000 00:00 0 
7ffdd2d96000-7ffdd2db7000 rw-p 00000000 00:00 0                          [stack]
7ffdd2ded000-7ffdd2def000 r--p 00000000 00:00 0                          [vvar]
7ffdd2def000-7ffdd2df1000 r-xp 00000000 00:00 0                          [vdso]
ffffffffff600000-ffffffffff601000 r-xp 00000000 00:00 0                  [vsyscall]

VM Arguments:
jvm_args: -Dapplication.home=/usr/lib/jvm/java-8-oracle -Xms8m 
java_command: com.sun.tools.javac.Main AppointmentFrame.java
java_class_path (initial): /usr/lib/jvm/java-8-oracle/lib/tools.jar:/usr/lib/jvm/java-8-oracle/classes
Launcher Type: SUN_STANDARD

Environment Variables:
JAVA_HOME=/usr/lib/jvm/java-8-oracle
PATH=/usr/local/sbin:/usr/local/bin:/usr/sbin:/usr/bin:/sbin:/bin:/usr/games:/usr/local/games:/snap/bin:/usr/lib/jvm/java-8-oracle/bin:/usr/lib/jvm/java-8-oracle/db/bin:/usr/lib/jvm/java-8-oracle/jre/bin
SHELL=/bin/bash
DISPLAY=:0

Signal Handlers:
SIGSEGV: [libjvm.so+0xac78c0], sa_mask[0]=11111111011111111101111111111110, sa_flags=SA_RESTART|SA_SIGINFO
SIGBUS: [libjvm.so+0xac78c0], sa_mask[0]=11111111011111111101111111111110, sa_flags=SA_RESTART|SA_SIGINFO
SIGFPE: [libjvm.so+0x920ac0], sa_mask[0]=11111111011111111101111111111110, sa_flags=SA_RESTART|SA_SIGINFO
SIGPIPE: [libjvm.so+0x920ac0], sa_mask[0]=11111111011111111101111111111110, sa_flags=SA_RESTART|SA_SIGINFO
SIGXFSZ: [libjvm.so+0x920ac0], sa_mask[0]=11111111011111111101111111111110, sa_flags=SA_RESTART|SA_SIGINFO
SIGILL: [libjvm.so+0x920ac0], sa_mask[0]=11111111011111111101111111111110, sa_flags=SA_RESTART|SA_SIGINFO
SIGUSR1: SIG_DFL, sa_mask[0]=00000000000000000000000000000000, sa_flags=none
SIGUSR2: [libjvm.so+0x922300], sa_mask[0]=00000000000000000000000000000000, sa_flags=SA_RESTART|SA_SIGINFO
SIGHUP: [libjvm.so+0x923700], sa_mask[0]=11111111011111111101111111111110, sa_flags=SA_RESTART|SA_SIGINFO
SIGINT: [libjvm.so+0x923700], sa_mask[0]=11111111011111111101111111111110, sa_flags=SA_RESTART|SA_SIGINFO
SIGTERM: [libjvm.so+0x923700], sa_mask[0]=11111111011111111101111111111110, sa_flags=SA_RESTART|SA_SIGINFO
SIGQUIT: [libjvm.so+0x923700], sa_mask[0]=11111111011111111101111111111110, sa_flags=SA_RESTART|SA_SIGINFO


---------------  S Y S T E M  ---------------

OS:DISTRIB_ID=Ubuntu
DISTRIB_RELEASE=16.04
DISTRIB_CODENAME=xenial
DISTRIB_DESCRIPTION="Ubuntu 16.04.2 LTS"

uname:Linux 4.4.0-64-generic #85-Ubuntu SMP Mon Feb 20 11:50:30 UTC 2017 x86_64
libc:glibc 2.23 NPTL 2.23 
rlimit: STACK 8192k, CORE 0k, NPROC 63022, NOFILE 65536, AS infinity
load average:2.19 0.79 0.38

/proc/meminfo:
MemTotal:       16392468 kB
MemFree:         4506516 kB
MemAvailable:   12741224 kB
Buffers:         1247772 kB
Cached:          7165720 kB
SwapCached:            0 kB
Active:          6416812 kB
Inactive:        4837960 kB
Active(anon):    2848832 kB
Inactive(anon):   148892 kB
Active(file):    3567980 kB
Inactive(file):  4689068 kB
Unevictable:         184 kB
Mlocked:             184 kB
SwapTotal:       4194300 kB
SwapFree:        4194300 kB
Dirty:             12128 kB
Writeback:             0 kB
AnonPages:       2843908 kB
Mapped:           885092 kB
Shmem:            156448 kB
Slab:             379820 kB
SReclaimable:     313872 kB
SUnreclaim:        65948 kB
KernelStack:       15328 kB
PageTables:        60472 kB
NFS_Unstable:          0 kB
Bounce:                0 kB
WritebackTmp:          0 kB
CommitLimit:    12390532 kB
Committed_AS:   11271276 kB
VmallocTotal:   34359738367 kB
VmallocUsed:           0 kB
VmallocChunk:          0 kB
HardwareCorrupted:     0 kB
AnonHugePages:   1210368 kB
CmaTotal:              0 kB
CmaFree:               0 kB
HugePages_Total:       0
HugePages_Free:        0
HugePages_Rsvd:        0
HugePages_Surp:        0
Hugepagesize:       2048 kB
DirectMap4k:      922996 kB
DirectMap2M:    15814656 kB


CPU:total 8 (4 cores per cpu, 2 threads per core) family 6 model 58 stepping 9, cmov, cx8, fxsr, mmx, sse, sse2, sse3, ssse3, sse4.1, sse4.2, popcnt, avx, aes, clmul, erms, ht, tsc, tscinvbit, tscinv

/proc/cpuinfo:
processor	: 0
vendor_id	: GenuineIntel
cpu family	: 6
model		: 58
model name	: Intel(R) Core(TM) i7-3770K CPU @ 3.50GHz
stepping	: 9
microcode	: 0x1c
cpu MHz		: 4266.171
cache size	: 8192 KB
physical id	: 0
siblings	: 8
core id		: 0
cpu cores	: 4
apicid		: 0
initial apicid	: 0
fpu		: yes
fpu_exception	: yes
cpuid level	: 13
wp		: yes
flags		: fpu vme de pse tsc msr pae mce cx8 apic sep mtrr pge mca cmov pat pse36 clflush dts acpi mmx fxsr sse sse2 ss ht tm pbe syscall nx rdtscp lm constant_tsc arch_perfmon pebs bts rep_good nopl xtopology nonstop_tsc aperfmperf eagerfpu pni pclmulqdq dtes64 monitor ds_cpl vmx est tm2 ssse3 cx16 xtpr pdcm pcid sse4_1 sse4_2 popcnt tsc_deadline_timer aes xsave avx f16c rdrand lahf_lm epb tpr_shadow vnmi flexpriority ept vpid fsgsbase smep erms xsaveopt dtherm ida arat pln pts
bugs		:
bogomips	: 7002.66
clflush size	: 64
cache_alignment	: 64
address sizes	: 36 bits physical, 48 bits virtual
power management:

processor	: 1
vendor_id	: GenuineIntel
cpu family	: 6
model		: 58
model name	: Intel(R) Core(TM) i7-3770K CPU @ 3.50GHz
stepping	: 9
microcode	: 0x1c
cpu MHz		: 4232.128
cache size	: 8192 KB
physical id	: 0
siblings	: 8
core id		: 1
cpu cores	: 4
apicid		: 2
initial apicid	: 2
fpu		: yes
fpu_exception	: yes
cpuid level	: 13
wp		: yes
flags		: fpu vme de pse tsc msr pae mce cx8 apic sep mtrr pge mca cmov pat pse36 clflush dts acpi mmx fxsr sse sse2 ss ht tm pbe syscall nx rdtscp lm constant_tsc arch_perfmon pebs bts rep_good nopl xtopology nonstop_tsc aperfmperf eagerfpu pni pclmulqdq dtes64 monitor ds_cpl vmx est tm2 ssse3 cx16 xtpr pdcm pcid sse4_1 sse4_2 popcnt tsc_deadline_timer aes xsave avx f16c rdrand lahf_lm epb tpr_shadow vnmi flexpriority ept vpid fsgsbase smep erms xsaveopt dtherm ida arat pln pts
bugs		:
bogomips	: 7002.66
clflush size	: 64
cache_alignment	: 64
address sizes	: 36 bits physical, 48 bits virtual
power management:

processor	: 2
vendor_id	: GenuineIntel
cpu family	: 6
model		: 58
model name	: Intel(R) Core(TM) i7-3770K CPU @ 3.50GHz
stepping	: 9
microcode	: 0x1c
cpu MHz		: 4273.691
cache size	: 8192 KB
physical id	: 0
siblings	: 8
core id		: 2
cpu cores	: 4
apicid		: 4
initial apicid	: 4
fpu		: yes
fpu_exception	: yes
cpuid level	: 13
wp		: yes
flags		: fpu vme de pse tsc msr pae mce cx8 apic sep mtrr pge mca cmov pat pse36 clflush dts acpi mmx fxsr sse sse2 ss ht tm pbe syscall nx rdtscp lm constant_tsc arch_perfmon pebs bts rep_good nopl xtopology nonstop_tsc aperfmperf eagerfpu pni pclmulqdq dtes64 monitor ds_cpl vmx est tm2 ssse3 cx16 xtpr pdcm pcid sse4_1 sse4_2 popcnt tsc_deadline_timer aes xsave avx f16c rdrand lahf_lm epb tpr_shadow vnmi flexpriority ept vpid fsgsbase smep erms xsaveopt dtherm ida arat pln pts
bugs		:
bogomips	: 7002.66
clflush size	: 64
cache_alignment	: 64
address sizes	: 36 bits physical, 48 bits virtual
power management:

processor	: 3
vendor_id	: GenuineIntel
cpu family	: 6
model		: 58
model name	: Intel(R) Core(TM) i7-3770K CPU @ 3.50GHz
stepping	: 9
microcode	: 0x1c
cpu MHz		: 4252.089
cache size	: 8192 KB
physical id	: 0
siblings	: 8
core id		: 3
cpu cores	: 4
apicid		: 6
initial apicid	: 6
fpu		: yes
fpu_exception	: yes
cpuid level	: 13
wp		: yes
flags		: fpu vme de pse tsc msr pae mce cx8 apic sep mtrr pge mca cmov pat pse36 clflush dts acpi mmx fxsr sse sse2 ss ht tm pbe syscall nx rdtscp lm constant_tsc arch_perfmon pebs bts rep_good nopl xtopology nonstop_tsc aperfmperf eagerfpu pni pclmulqdq dtes64 monitor ds_cpl vmx est tm2 ssse3 cx16 xtpr pdcm pcid sse4_1 sse4_2 popcnt tsc_deadline_timer aes xsave avx f16c rdrand lahf_lm epb tpr_shadow vnmi flexpriority ept vpid fsgsbase smep erms xsaveopt dtherm ida arat pln pts
bugs		:
bogomips	: 7002.66
clflush size	: 64
cache_alignment	: 64
address sizes	: 36 bits physical, 48 bits virtual
power management:

processor	: 4
vendor_id	: GenuineIntel
cpu family	: 6
model		: 58
model name	: Intel(R) Core(TM) i7-3770K CPU @ 3.50GHz
stepping	: 9
microcode	: 0x1c
cpu MHz		: 4271.093
cache size	: 8192 KB
physical id	: 0
siblings	: 8
core id		: 0
cpu cores	: 4
apicid		: 1
initial apicid	: 1
fpu		: yes
fpu_exception	: yes
cpuid level	: 13
wp		: yes
flags		: fpu vme de pse tsc msr pae mce cx8 apic sep mtrr pge mca cmov pat pse36 clflush dts acpi mmx fxsr sse sse2 ss ht tm pbe syscall nx rdtscp lm constant_tsc arch_perfmon pebs bts rep_good nopl xtopology nonstop_tsc aperfmperf eagerfpu pni pclmulqdq dtes64 monitor ds_cpl vmx est tm2 ssse3 cx16 xtpr pdcm pcid sse4_1 sse4_2 popcnt tsc_deadline_timer aes xsave avx f16c rdrand lahf_lm epb tpr_shadow vnmi flexpriority ept vpid fsgsbase smep erms xsaveopt dtherm ida arat pln pts
bugs		:
bogomips	: 7002.66
clflush size	: 64
cache_alignment	: 64
address sizes	: 36 bits physical, 48 bits virtual
power management:

processor	: 5
vendor_id	: GenuineIntel
cpu family	: 6
model		: 58
model name	: Intel(R) Core(TM) i7-3770K CPU @ 3.50GHz
stepping	: 9
microcode	: 0x1c
cpu MHz		: 4298.437
cache size	: 8192 KB
physical id	: 0
siblings	: 8
core id		: 1
cpu cores	: 4
apicid		: 3
initial apicid	: 3
fpu		: yes
fpu_exception	: yes
cpuid level	: 13
wp		: yes
flags		: fpu vme de pse tsc msr pae mce cx8 apic sep mtrr pge mca cmov pat pse36 clflush dts acpi mmx fxsr sse sse2 ss ht tm pbe syscall nx rdtscp lm constant_tsc arch_perfmon pebs bts rep_good nopl xtopology nonstop_tsc aperfmperf eagerfpu pni pclmulqdq dtes64 monitor ds_cpl vmx est tm2 ssse3 cx16 xtpr pdcm pcid sse4_1 sse4_2 popcnt tsc_deadline_timer aes xsave avx f16c rdrand lahf_lm epb tpr_shadow vnmi flexpriority ept vpid fsgsbase smep erms xsaveopt dtherm ida arat pln pts
bugs		:
bogomips	: 7002.66
clflush size	: 64
cache_alignment	: 64
address sizes	: 36 bits physical, 48 bits virtual
power management:

processor	: 6
vendor_id	: GenuineIntel
cpu family	: 6
model		: 58
model name	: Intel(R) Core(TM) i7-3770K CPU @ 3.50GHz
stepping	: 9
microcode	: 0x1c
cpu MHz		: 1829.570
cache size	: 8192 KB
physical id	: 0
siblings	: 8
core id		: 2
cpu cores	: 4
apicid		: 5
initial apicid	: 5
fpu		: yes
fpu_exception	: yes
cpuid level	: 13
wp		: yes
flags		: fpu vme de pse tsc msr pae mce cx8 apic sep mtrr pge mca cmov pat pse36 clflush dts acpi mmx fxsr sse sse2 ss ht tm pbe syscall nx rdtscp lm constant_tsc arch_perfmon pebs bts rep_good nopl xtopology nonstop_tsc aperfmperf eagerfpu pni pclmulqdq dtes64 monitor ds_cpl vmx est tm2 ssse3 cx16 xtpr pdcm pcid sse4_1 sse4_2 popcnt tsc_deadline_timer aes xsave avx f16c rdrand lahf_lm epb tpr_shadow vnmi flexpriority ept vpid fsgsbase smep erms xsaveopt dtherm ida arat pln pts
bugs		:
bogomips	: 7002.66
clflush size	: 64
cache_alignment	: 64
address sizes	: 36 bits physical, 48 bits virtual
power management:

processor	: 7
vendor_id	: GenuineIntel
cpu family	: 6
model		: 58
model name	: Intel(R) Core(TM) i7-3770K CPU @ 3.50GHz
stepping	: 9
microcode	: 0x1c
cpu MHz		: 3957.871
cache size	: 8192 KB
physical id	: 0
siblings	: 8
core id		: 3
cpu cores	: 4
apicid		: 7
initial apicid	: 7
fpu		: yes
fpu_exception	: yes
cpuid level	: 13
wp		: yes
flags		: fpu vme de pse tsc msr pae mce cx8 apic sep mtrr pge mca cmov pat pse36 clflush dts acpi mmx fxsr sse sse2 ss ht tm pbe syscall nx rdtscp lm constant_tsc arch_perfmon pebs bts rep_good nopl xtopology nonstop_tsc aperfmperf eagerfpu pni pclmulqdq dtes64 monitor ds_cpl vmx est tm2 ssse3 cx16 xtpr pdcm pcid sse4_1 sse4_2 popcnt tsc_deadline_timer aes xsave avx f16c rdrand lahf_lm epb tpr_shadow vnmi flexpriority ept vpid fsgsbase smep erms xsaveopt dtherm ida arat pln pts
bugs		:
bogomips	: 7002.66
clflush size	: 64
cache_alignment	: 64
address sizes	: 36 bits physical, 48 bits virtual
power management:



Memory: 4k page, physical 16392468k(4506516k free), swap 4194300k(4194300k free)

vm_info: Java HotSpot(TM) 64-Bit Server VM (25.121-b13) for linux-amd64 JRE (1.8.0_121-b13), built on Dec 12 2016 16:36:53 by "java_re" with gcc 4.3.0 20080428 (Red Hat 4.3.0-8)

time: Sun Feb 26 00:34:11 2017
elapsed time: 0 seconds (0d 0h 0m 0s)

