#
# A fatal error has been detected by the Java Runtime Environment:
#
#  SIGSEGV (0xb) at pc=0x00007f487aa0a453, pid=20888, tid=0x00007f48647c5700
#
# JRE version: Java(TM) SE Runtime Environment (8.0_121-b13) (build 1.8.0_121-b13)
# Java VM: Java HotSpot(TM) 64-Bit Server VM (25.121-b13 mixed mode linux-amd64 compressed oops)
# Problematic frame:
# V  [libjvm.so+0x98e453]  oopDesc* PSPromotionManager::copy_to_survivor_space<false>(oopDesc*)+0x143
#
# Failed to write core dump. Core dumps have been disabled. To enable core dumping, try "ulimit -c unlimited" before starting Java again
#
# If you would like to submit a bug report, please visit:
#   http://bugreport.java.com/bugreport/crash.jsp
#

---------------  T H R E A D  ---------------

Current thread (0x00007f4874026000):  GCTaskThread [stack: 0x00007f48646c5000,0x00007f48647c6000] [id=20894]

siginfo: si_signo: 11 (SIGSEGV), si_code: 2 (SEGV_ACCERR), si_addr: 0x00000007c10da9f8

Registers:
RAX=0x00007f487b00d6c0, RBX=0x00000006c5f240a8, RCX=0x0000000000000003, RDX=0x0000000000000001
RSP=0x00007f48647c4a30, RBP=0x00007f48647c4aa0, RSI=0x000000076cd91f98, RDI=0x00000007c10da9f0
R8 =0x00000006c60c5a08, R9 =0x0000000000000000, R10=0x00007f487b031bb9, R11=0x00007f487b203790
R12=0x000000076cd91f98, R13=0x0000000000000001, R14=0x0000000000000000, R15=0x00007f487407cd28
RIP=0x00007f487aa0a453, EFLAGS=0x0000000000010206, CSGSFS=0x0000000000000033, ERR=0x0000000000000004
  TRAPNO=0x000000000000000e

Top of Stack: (sp=0x00007f48647c4a30)
0x00007f48647c4a30:   00007f48647c4b10 00007f487b031bb9
0x00007f48647c4a40:   00007f487407cce8 00007f487407ccc0
0x00007f48647c4a50:   00000006c60c4670 0000000000000400
0x00007f48647c4a60:   000000076cf3c82a 00007f48647c4a90
0x00007f48647c4a70:   00007f48647c4aa0 00000006c5f240a8
0x00007f48647c4a80:   00007f487407ccc0 00007f487b00d6b0
0x00007f48647c4a90:   0000000000000000 00007f487407cd28
0x00007f48647c4aa0:   00007f48647c4b90 00007f487aa09cd8
0x00007f48647c4ab0:   00007f48647c4b10 00007f48647c4b20
0x00007f48647c4ac0:   00007f48647c4b30 00007f48647c4af0
0x00007f48647c4ad0:   00007f48647c4b00 00007f48647c4b50
0x00007f48647c4ae0:   01007f4874026470 00007f487407cd58
0x00007f48647c4af0:   000000076cda9808 0000000000000001
0x00007f48647c4b00:   0000000000000001 0000000000000006
0x00007f48647c4b10:   00007f48647c4b90 00007f487aa0e6a0
0x00007f48647c4b20:   000003aa00000123 00007f487b031bb9
0x00007f48647c4b30:   000003aa00000122 00007f48647c4b50
0x00007f48647c4b40:   00000006c5f240d9 00007f487aabce7a
0x00007f48647c4b50:   00000006c5f240a9 00007f484954ca48
0x00007f48647c4b60:   00000004647c4b80 000000076cf3c828
0x00007f48647c4b70:   00007f487407d5a0 0000000000000004
0x00007f48647c4b80:   00007f48647c4bb0 00007f48647c4bbc
0x00007f48647c4b90:   00007f48647c4bf0 00007f487aa0dade
0x00007f48647c4ba0:   00007f4820162360 00007f487407ccc0
0x00007f48647c4bb0:   000000076cf3c82a 42d18edb7a653187
0x00007f48647c4bc0:   00007f48647c4bf0 00007f4820162360
0x00007f48647c4bd0:   00007f4874026000 0000000000000001
0x00007f48647c4be0:   00007f4874026470 00007f487abced1b
0x00007f48647c4bf0:   00007f48647c4d00 00007f487a653e7f
0x00007f48647c4c00:   0000000000000000 00007f48647c4c40
0x00007f48647c4c10:   00007f48647c4cc0 0000000000000000
0x00007f48647c4c20:   00007f48740264b0 00007f48740264c0 

Instructions: (pc=0x00007f487aa0a453)
0x00007f487aa0a433:   83 e0 07 48 83 f8 05 75 d3 31 db eb d6 48 8b 05
0x00007f487aa0a443:   41 41 5e 00 8b 7e 08 8b 48 08 48 d3 e7 48 03 38
0x00007f487aa0a453:   8b 77 08 83 fe 00 0f 8f 0a ff ff ff 0f 85 4b 02
0x00007f487aa0a463:   00 00 0f 1f 00 48 8b 07 4c 89 e6 4c 89 55 98 ff 

Register to memory mapping:

RAX=0x00007f487b00d6c0: <offset 0xf916c0> in /usr/lib/jvm/java-8-oracle/jre/lib/amd64/server/libjvm.so at 0x00007f487a07c000
RBX=0x00000006c5f240a8 is pointing into object: 0x00000006c5f23e68
[Ljava.lang.Object; 
 - klass: 'java/lang/Object'[]
 - length: 14053
RCX=0x0000000000000003 is an unknown value
RDX=0x0000000000000001 is an unknown value
RSP=0x00007f48647c4a30 is an unknown value
RBP=0x00007f48647c4aa0 is an unknown value
RSI=0x000000076cd91f98 is an oop

[error occurred during error reporting (printing register info), id 0xb]

Stack: [0x00007f48646c5000,0x00007f48647c6000],  sp=0x00007f48647c4a30,  free space=1022k
Native frames: (J=compiled Java code, j=interpreted, Vv=VM code, C=native code)
V  [libjvm.so+0x98e453]  oopDesc* PSPromotionManager::copy_to_survivor_space<false>(oopDesc*)+0x143
V  [libjvm.so+0x98dcd8]  PSPromotionManager::drain_stacks_depth(bool)+0x7e8
V  [libjvm.so+0x991ade]  StealTask::do_it(GCTaskManager*, unsigned int)+0x19e
V  [libjvm.so+0x5d7e7f]  GCTaskThread::run()+0x12f
V  [libjvm.so+0x926268]  java_start(Thread*)+0x108


---------------  P R O C E S S  ---------------

Java Threads: ( => current thread )
  0x00007f48740d3000 JavaThread "Service Thread" daemon [_thread_blocked, id=20906, stack(0x00007f484896d000,0x00007f4848a6e000)]
  0x00007f48740c7800 JavaThread "C1 CompilerThread3" daemon [_thread_blocked, id=20905, stack(0x00007f4848a6e000,0x00007f4848b6f000)]
  0x00007f48740c5800 JavaThread "C2 CompilerThread2" daemon [_thread_blocked, id=20904, stack(0x00007f4848b6f000,0x00007f4848c70000)]
  0x00007f48740c4000 JavaThread "C2 CompilerThread1" daemon [_thread_blocked, id=20903, stack(0x00007f4848c70000,0x00007f4848d71000)]
  0x00007f48740c1000 JavaThread "C2 CompilerThread0" daemon [_thread_blocked, id=20902, stack(0x00007f4848d71000,0x00007f4848e72000)]
  0x00007f48740bf800 JavaThread "Signal Dispatcher" daemon [_thread_blocked, id=20901, stack(0x00007f4848e72000,0x00007f4848f73000)]
  0x00007f487408c000 JavaThread "Finalizer" daemon [_thread_blocked, id=20900, stack(0x00007f484924b000,0x00007f484934c000)]
  0x00007f4874087800 JavaThread "Reference Handler" daemon [_thread_blocked, id=20899, stack(0x00007f484934c000,0x00007f484944d000)]
  0x00007f4874009800 JavaThread "main" [_thread_blocked, id=20889, stack(0x00007f487bb68000,0x00007f487bc69000)]

Other Threads:
  0x00007f487407f800 VMThread [stack: 0x00007f484944d000,0x00007f484954e000] [id=20898]
  0x00007f48740d5800 WatcherThread [stack: 0x00007f484886c000,0x00007f484896d000] [id=20907]

=>0x00007f4874026000 (exited) GCTaskThread [stack: 0x00007f48646c5000,0x00007f48647c6000] [id=20894]

VM state:at safepoint (normal execution)

VM Mutex/Monitor currently owned by a thread:  ([mutex/lock_event])
[0x00007f4874005f40] Threads_lock - owner thread: 0x00007f487407f800
[0x00007f4874006440] Heap_lock - owner thread: 0x00007f4874009800

Heap:
 PSYoungGen      total 6656K, used 6640K [0x000000076c980000, 0x000000076d080000, 0x00000007c0000000)
  eden space 6144K, 100% used [0x000000076c980000,0x000000076cf80000,0x000000076cf80000)
  from space 512K, 96% used [0x000000076d000000,0x000000076d07c020,0x000000076d080000)
  to   space 512K, 94% used [0x000000076cf80000,0x000000076cff9030,0x000000076d000000)
 ParOldGen       total 5632K, used 4921K [0x00000006c5c00000, 0x00000006c6180000, 0x000000076c980000)
  object space 5632K, 87% used [0x00000006c5c00000,0x00000006c60ce670,0x00000006c6180000)
 Metaspace       used 7220K, capacity 8148K, committed 8448K, reserved 1056768K
  class space    used 876K, capacity 912K, committed 1024K, reserved 1048576K

Card table byte_map: [0x00007f4878143000,0x00007f4878916000] byte_map_base: 0x00007f4874b15000

Marking Bits: (ParMarkBitMap*) 0x00007f487b040c80
 Begin Bits: [0x00007f48342e0000, 0x00007f4838170000)
 End Bits:   [0x00007f4838170000, 0x00007f483c000000)

Polling page: 0x00007f487bc90000

CodeCache: size=245760Kb used=2093Kb max_used=2105Kb free=243666Kb
 bounds [0x00007f4865000000, 0x00007f4865270000, 0x00007f4874000000]
 total_blobs=666 nmethods=382 adapters=198
 compilation: enabled

Compilation events (10 events):
Event: 0.300 Thread 0x00007f48740c7800  381       3       com.sun.tools.javac.file.ZipFileIndex$DirectoryEntry::<init> (67 bytes)
Event: 0.300 Thread 0x00007f48740c5800 nmethod 380 0x00007f486520a4d0 code [0x00007f486520a620, 0x00007f486520a6d8]
Event: 0.300 Thread 0x00007f48740c5800  382       4       java.lang.String::<init> (38 bytes)
Event: 0.300 Thread 0x00007f48740c7800 nmethod 381 0x00007f486520cad0 code [0x00007f486520cc80, 0x00007f486520d1f0]
Event: 0.302 Thread 0x00007f48740c1000 nmethod 378 0x00007f486520ac90 code [0x00007f486520ae00, 0x00007f486520b258]
Event: 0.302 Thread 0x00007f48740c1000  384       4       java.lang.ThreadLocal::get (38 bytes)
Event: 0.302 Thread 0x00007f48740c7800  390       3       com.sun.tools.javac.file.RelativePath::equals (24 bytes)
Event: 0.303 Thread 0x00007f48740c7800 nmethod 390 0x00007f486520c3d0 code [0x00007f486520c560, 0x00007f486520c9a8]
Event: 0.303 Thread 0x00007f48740c1000 nmethod 384 0x00007f4865206b90 code [0x00007f4865206ce0, 0x00007f4865206e18]
Event: 0.303 Thread 0x00007f48740c1000  387   !   4       java.lang.StringCoding$StringDecoder::decode (179 bytes)

GC Heap History (9 events):
Event: 0.119 GC heap before
{Heap before GC invocations=1 (full 0):
 PSYoungGen      total 2048K, used 1497K [0x000000076c980000, 0x000000076cc00000, 0x00000007c0000000)
  eden space 1536K, 97% used [0x000000076c980000,0x000000076caf64f0,0x000000076cb00000)
  from space 512K, 0% used [0x000000076cb80000,0x000000076cb80000,0x000000076cc00000)
  to   space 512K, 0% used [0x000000076cb00000,0x000000076cb00000,0x000000076cb80000)
 ParOldGen       total 5632K, used 0K [0x00000006c5c00000, 0x00000006c6180000, 0x000000076c980000)
  object space 5632K, 0% used [0x00000006c5c00000,0x00000006c5c00000,0x00000006c6180000)
 Metaspace       used 3375K, capacity 4812K, committed 5120K, reserved 1056768K
  class space    used 390K, capacity 456K, committed 512K, reserved 1048576K
Event: 0.122 GC heap after
Heap after GC invocations=1 (full 0):
 PSYoungGen      total 2048K, used 512K [0x000000076c980000, 0x000000076cd80000, 0x00000007c0000000)
  eden space 1536K, 0% used [0x000000076c980000,0x000000076c980000,0x000000076cb00000)
  from space 512K, 100% used [0x000000076cb00000,0x000000076cb80000,0x000000076cb80000)
  to   space 512K, 0% used [0x000000076cd00000,0x000000076cd00000,0x000000076cd80000)
 ParOldGen       total 5632K, used 16K [0x00000006c5c00000, 0x00000006c6180000, 0x000000076c980000)
  object space 5632K, 0% used [0x00000006c5c00000,0x00000006c5c04000,0x00000006c6180000)
 Metaspace       used 3375K, capacity 4812K, committed 5120K, reserved 1056768K
  class space    used 390K, capacity 456K, committed 512K, reserved 1048576K
}
Event: 0.148 GC heap before
{Heap before GC invocations=2 (full 0):
 PSYoungGen      total 2048K, used 1936K [0x000000076c980000, 0x000000076cd80000, 0x00000007c0000000)
  eden space 1536K, 92% used [0x000000076c980000,0x000000076cae42a8,0x000000076cb00000)
  from space 512K, 100% used [0x000000076cb00000,0x000000076cb80000,0x000000076cb80000)
  to   space 512K, 0% used [0x000000076cd00000,0x000000076cd00000,0x000000076cd80000)
 ParOldGen       total 5632K, used 16K [0x00000006c5c00000, 0x00000006c6180000, 0x000000076c980000)
  object space 5632K, 0% used [0x00000006c5c00000,0x00000006c5c04000,0x00000006c6180000)
 Metaspace       used 3991K, capacity 5324K, committed 5504K, reserved 1056768K
  class space    used 473K, capacity 520K, committed 640K, reserved 1048576K
Event: 0.149 GC heap after
Heap after GC invocations=2 (full 0):
 PSYoungGen      total 3584K, used 480K [0x000000076c980000, 0x000000076cd80000, 0x00000007c0000000)
  eden space 3072K, 0% used [0x000000076c980000,0x000000076c980000,0x000000076cc80000)
  from space 512K, 93% used [0x000000076cd00000,0x000000076cd78030,0x000000076cd80000)
  to   space 512K, 0% used [0x000000076cc80000,0x000000076cc80000,0x000000076cd00000)
 ParOldGen       total 5632K, used 204K [0x00000006c5c00000, 0x00000006c6180000, 0x000000076c980000)
  object space 5632K, 3% used [0x00000006c5c00000,0x00000006c5c33010,0x00000006c6180000)
 Metaspace       used 3991K, capacity 5324K, committed 5504K, reserved 1056768K
  class space    used 473K, capacity 520K, committed 640K, reserved 1048576K
}
Event: 0.194 GC heap before
{Heap before GC invocations=3 (full 0):
 PSYoungGen      total 3584K, used 3552K [0x000000076c980000, 0x000000076cd80000, 0x00000007c0000000)
  eden space 3072K, 100% used [0x000000076c980000,0x000000076cc80000,0x000000076cc80000)
  from space 512K, 93% used [0x000000076cd00000,0x000000076cd78030,0x000000076cd80000)
  to   space 512K, 0% used [0x000000076cc80000,0x000000076cc80000,0x000000076cd00000)
 ParOldGen       total 5632K, used 204K [0x00000006c5c00000, 0x00000006c6180000, 0x000000076c980000)
  object space 5632K, 3% used [0x00000006c5c00000,0x00000006c5c33010,0x00000006c6180000)
 Metaspace       used 5071K, capacity 6348K, committed 6656K, reserved 1056768K
  class space    used 616K, capacity 648K, committed 768K, reserved 1048576K
Event: 0.195 GC heap after
Heap after GC invocations=3 (full 0):
 PSYoungGen      total 3584K, used 480K [0x000000076c980000, 0x000000076d080000, 0x00000007c0000000)
  eden space 3072K, 0% used [0x000000076c980000,0x000000076c980000,0x000000076cc80000)
  from space 512K, 93% used [0x000000076cc80000,0x000000076ccf8030,0x000000076cd00000)
  to   space 512K, 0% used [0x000000076d000000,0x000000076d000000,0x000000076d080000)
 ParOldGen       total 5632K, used 604K [0x00000006c5c00000, 0x00000006c6180000, 0x000000076c980000)
  object space 5632K, 10% used [0x00000006c5c00000,0x00000006c5c97020,0x00000006c6180000)
 Metaspace       used 5071K, capacity 6348K, committed 6656K, reserved 1056768K
  class space    used 616K, capacity 648K, committed 768K, reserved 1048576K
}
Event: 0.244 GC heap before
{Heap before GC invocations=4 (full 0):
 PSYoungGen      total 3584K, used 3531K [0x000000076c980000, 0x000000076d080000, 0x00000007c0000000)
  eden space 3072K, 99% used [0x000000076c980000,0x000000076cc7adb8,0x000000076cc80000)
  from space 512K, 93% used [0x000000076cc80000,0x000000076ccf8030,0x000000076cd00000)
  to   space 512K, 0% used [0x000000076d000000,0x000000076d000000,0x000000076d080000)
 ParOldGen       total 5632K, used 604K [0x00000006c5c00000, 0x00000006c6180000, 0x000000076c980000)
  object space 5632K, 10% used [0x00000006c5c00000,0x00000006c5c97020,0x00000006c6180000)
 Metaspace       used 6188K, capacity 7372K, committed 7552K, reserved 1056768K
  class space    used 765K, capacity 776K, committed 896K, reserved 1048576K
Event: 0.245 GC heap after
Heap after GC invocations=4 (full 0):
 PSYoungGen      total 6656K, used 496K [0x000000076c980000, 0x000000076d080000, 0x00000007c0000000)
  eden space 6144K, 0% used [0x000000076c980000,0x000000076c980000,0x000000076cf80000)
  from space 512K, 96% used [0x000000076d000000,0x000000076d07c020,0x000000076d080000)
  to   space 512K, 0% used [0x000000076cf80000,0x000000076cf80000,0x000000076d000000)
 ParOldGen       total 5632K, used 951K [0x00000006c5c00000, 0x00000006c6180000, 0x000000076c980000)
  object space 5632K, 16% used [0x00000006c5c00000,0x00000006c5cedf48,0x00000006c6180000)
 Metaspace       used 6188K, capacity 7372K, committed 7552K, reserved 1056768K
  class space    used 765K, capacity 776K, committed 896K, reserved 1048576K
}
Event: 0.304 GC heap before
{Heap before GC invocations=5 (full 0):
 PSYoungGen      total 6656K, used 6640K [0x000000076c980000, 0x000000076d080000, 0x00000007c0000000)
  eden space 6144K, 100% used [0x000000076c980000,0x000000076cf80000,0x000000076cf80000)
  from space 512K, 96% used [0x000000076d000000,0x000000076d07c020,0x000000076d080000)
  to   space 512K, 0% used [0x000000076cf80000,0x000000076cf80000,0x000000076d000000)
 ParOldGen       total 5632K, used 951K [0x00000006c5c00000, 0x00000006c6180000, 0x000000076c980000)
  object space 5632K, 16% used [0x00000006c5c00000,0x00000006c5cedf48,0x00000006c6180000)
 Metaspace       used 7220K, capacity 8148K, committed 8448K, reserved 1056768K
  class space    used 876K, capacity 912K, committed 1024K, reserved 1048576K

Deoptimization events (6 events):
Event: 0.260 Thread 0x00007f4874009800 Uncommon trap: reason=unstable_if action=reinterpret pc=0x00007f4865139184 method=java.lang.String.indexOf(II)I @ 49
Event: 0.260 Thread 0x00007f4874009800 Uncommon trap: reason=unstable_if action=reinterpret pc=0x00007f486516ac04 method=java.lang.String.replace(CC)Ljava/lang/String; @ 2
Event: 0.262 Thread 0x00007f4874009800 Uncommon trap: reason=class_check action=maybe_recompile pc=0x00007f4865198f94 method=sun.misc.URLClassPath.getLoader(I)Lsun/misc/URLClassPath$Loader; @ 94
Event: 0.262 Thread 0x00007f4874009800 Uncommon trap: reason=unstable_if action=reinterpret pc=0x00007f486519572c method=java.lang.String.indexOf([CII[CIII)I @ 134
Event: 0.276 Thread 0x00007f4874009800 Uncommon trap: reason=unstable_if action=reinterpret pc=0x00007f48651bbe6c method=java.lang.String.<init>([CII)V @ 18
Event: 0.277 Thread 0x00007f4874009800 Uncommon trap: reason=unstable_if action=reinterpret pc=0x00007f48651bf358 method=com.sun.tools.javac.parser.UnicodeReader.scanChar()V @ 37

Internal exceptions (8 events):
Event: 0.030 Thread 0x00007f4874009800 Exception <a 'java/lang/NoSuchMethodError': Method sun.misc.Unsafe.defineClass(Ljava/lang/String;[BII)Ljava/lang/Class; name or signature does not match> (0x000000076c987cd8) thrown at [/HUDSON3/workspace/8-2-build-linux-amd64/jdk8u121/8372/hotspot/src/sh
Event: 0.031 Thread 0x00007f4874009800 Exception <a 'java/lang/NoSuchMethodError': Method sun.misc.Unsafe.prefetchRead(Ljava/lang/Object;J)V name or signature does not match> (0x000000076c987fc0) thrown at [/HUDSON3/workspace/8-2-build-linux-amd64/jdk8u121/8372/hotspot/src/share/vm/prims/jni.c
Event: 0.117 Thread 0x00007f4874009800 Exception <a 'java/security/PrivilegedActionException'> (0x000000076cae2c00) thrown at [/HUDSON3/workspace/8-2-build-linux-amd64/jdk8u121/8372/hotspot/src/share/vm/prims/jvm.cpp, line 1390]
Event: 0.117 Thread 0x00007f4874009800 Exception <a 'java/security/PrivilegedActionException'> (0x000000076cae2ff8) thrown at [/HUDSON3/workspace/8-2-build-linux-amd64/jdk8u121/8372/hotspot/src/share/vm/prims/jvm.cpp, line 1390]
Event: 0.117 Thread 0x00007f4874009800 Exception <a 'java/security/PrivilegedActionException'> (0x000000076cae5648) thrown at [/HUDSON3/workspace/8-2-build-linux-amd64/jdk8u121/8372/hotspot/src/share/vm/prims/jvm.cpp, line 1390]
Event: 0.117 Thread 0x00007f4874009800 Exception <a 'java/security/PrivilegedActionException'> (0x000000076cae5a40) thrown at [/HUDSON3/workspace/8-2-build-linux-amd64/jdk8u121/8372/hotspot/src/share/vm/prims/jvm.cpp, line 1390]
Event: 0.123 Thread 0x00007f4874009800 Exception <a 'java/security/PrivilegedActionException'> (0x000000076c9a4130) thrown at [/HUDSON3/workspace/8-2-build-linux-amd64/jdk8u121/8372/hotspot/src/share/vm/prims/jvm.cpp, line 1390]
Event: 0.123 Thread 0x00007f4874009800 Exception <a 'java/security/PrivilegedActionException'> (0x000000076c9a4528) thrown at [/HUDSON3/workspace/8-2-build-linux-amd64/jdk8u121/8372/hotspot/src/share/vm/prims/jvm.cpp, line 1390]

Events (10 events):
Event: 0.291 loading class com/sun/tools/javac/file/ZipFileIndex$Entry done
Event: 0.295 loading class java/util/Arrays$LegacyMergeSort
Event: 0.295 loading class java/util/Arrays$LegacyMergeSort done
Event: 0.295 loading class sun/security/action/GetBooleanAction
Event: 0.295 loading class sun/security/action/GetBooleanAction done
Event: 0.295 loading class java/util/ComparableTimSort
Event: 0.295 loading class java/util/ComparableTimSort done
Event: 0.296 loading class java/io/RandomAccessFile$1
Event: 0.296 loading class java/io/RandomAccessFile$1 done
Event: 0.304 Executing VM operation: ParallelGCFailedAllocation


Dynamic libraries:
00400000-00401000 r-xp 00000000 08:42 4850667                            /usr/lib/jvm/java-8-oracle/bin/javac
00600000-00601000 rw-p 00000000 08:42 4850667                            /usr/lib/jvm/java-8-oracle/bin/javac
016cb000-016ec000 rw-p 00000000 00:00 0                                  [heap]
6c5c00000-6c6180000 rw-p 00000000 00:00 0 
6c6180000-76c980000 ---p 00000000 00:00 0 
76c980000-76d080000 rw-p 00000000 00:00 0 
76d080000-7c0000000 ---p 00000000 00:00 0 
7c0000000-7c0100000 rw-p 00000000 00:00 0 
7c0100000-800000000 ---p 00000000 00:00 0 
7f4810000000-7f4810021000 rw-p 00000000 00:00 0 
7f4810021000-7f4814000000 ---p 00000000 00:00 0 
7f4814000000-7f4814021000 rw-p 00000000 00:00 0 
7f4814021000-7f4818000000 ---p 00000000 00:00 0 
7f4818000000-7f48180e6000 rw-p 00000000 00:00 0 
7f48180e6000-7f481c000000 ---p 00000000 00:00 0 
7f481c000000-7f481c198000 rw-p 00000000 00:00 0 
7f481c198000-7f4820000000 ---p 00000000 00:00 0 
7f4820000000-7f482016b000 rw-p 00000000 00:00 0 
7f482016b000-7f4824000000 ---p 00000000 00:00 0 
7f4824000000-7f4824136000 rw-p 00000000 00:00 0 
7f4824136000-7f4828000000 ---p 00000000 00:00 0 
7f4828000000-7f4828021000 rw-p 00000000 00:00 0 
7f4828021000-7f482c000000 ---p 00000000 00:00 0 
7f482c000000-7f482c021000 rw-p 00000000 00:00 0 
7f482c021000-7f4830000000 ---p 00000000 00:00 0 
7f4830000000-7f4830021000 rw-p 00000000 00:00 0 
7f4830021000-7f4834000000 ---p 00000000 00:00 0 
7f48342e0000-7f483c000000 rw-p 00000000 00:00 0 
7f483c000000-7f483c021000 rw-p 00000000 00:00 0 
7f483c021000-7f4840000000 ---p 00000000 00:00 0 
7f4840000000-7f4840021000 rw-p 00000000 00:00 0 
7f4840021000-7f4844000000 ---p 00000000 00:00 0 
7f4844000000-7f4844021000 rw-p 00000000 00:00 0 
7f4844021000-7f4848000000 ---p 00000000 00:00 0 
7f48487f2000-7f484886c000 r--s 010f6000 08:42 4862320                    /usr/lib/jvm/java-8-oracle/lib/tools.jar
7f484886c000-7f484886d000 ---p 00000000 00:00 0 
7f484886d000-7f484896d000 rw-p 00000000 00:00 0 
7f484896d000-7f4848970000 ---p 00000000 00:00 0 
7f4848970000-7f4848a6e000 rw-p 00000000 00:00 0 
7f4848a6e000-7f4848a71000 ---p 00000000 00:00 0 
7f4848a71000-7f4848b6f000 rw-p 00000000 00:00 0 
7f4848b6f000-7f4848b72000 ---p 00000000 00:00 0 
7f4848b72000-7f4848c70000 rw-p 00000000 00:00 0 
7f4848c70000-7f4848c73000 ---p 00000000 00:00 0 
7f4848c73000-7f4848d71000 rw-p 00000000 00:00 0 
7f4848d71000-7f4848d74000 ---p 00000000 00:00 0 
7f4848d74000-7f4848e72000 rw-p 00000000 00:00 0 
7f4848e72000-7f4848e75000 ---p 00000000 00:00 0 
7f4848e75000-7f4848f73000 rw-p 00000000 00:00 0 
7f4848f73000-7f484924b000 r--p 00000000 08:42 4589083                    /usr/lib/locale/locale-archive
7f484924b000-7f484924e000 ---p 00000000 00:00 0 
7f484924e000-7f484934c000 rw-p 00000000 00:00 0 
7f484934c000-7f484934f000 ---p 00000000 00:00 0 
7f484934f000-7f484944d000 rw-p 00000000 00:00 0 
7f484944d000-7f484944e000 ---p 00000000 00:00 0 
7f484944e000-7f484b76e000 rw-p 00000000 00:00 0 
7f484b76e000-7f484b82e000 ---p 00000000 00:00 0 
7f484b82e000-7f484c000000 rw-p 00000000 00:00 0 
7f484c000000-7f484c28d000 rw-p 00000000 00:00 0 
7f484c28d000-7f4850000000 ---p 00000000 00:00 0 
7f4850000000-7f4850021000 rw-p 00000000 00:00 0 
7f4850021000-7f4854000000 ---p 00000000 00:00 0 
7f4854000000-7f4854021000 rw-p 00000000 00:00 0 
7f4854021000-7f4858000000 ---p 00000000 00:00 0 
7f4858000000-7f4858021000 rw-p 00000000 00:00 0 
7f4858021000-7f485c000000 ---p 00000000 00:00 0 
7f485c000000-7f485c021000 rw-p 00000000 00:00 0 
7f485c021000-7f4860000000 ---p 00000000 00:00 0 
7f4860000000-7f4860021000 rw-p 00000000 00:00 0 
7f4860021000-7f4864000000 ---p 00000000 00:00 0 
7f4864002000-7f4864173000 rw-p 00000000 00:00 0 
7f4864173000-7f486434c000 r--s 03d3e000 08:42 4850836                    /usr/lib/jvm/java-8-oracle/jre/lib/rt.jar
7f486434c000-7f48643c2000 rw-p 00000000 00:00 0 
7f48643c2000-7f48643c3000 ---p 00000000 00:00 0 
7f48643c3000-7f48644c3000 rw-p 00000000 00:00 0 
7f48644c3000-7f48644c4000 ---p 00000000 00:00 0 
7f48644c4000-7f48645c4000 rw-p 00000000 00:00 0 
7f48645c4000-7f48645c5000 ---p 00000000 00:00 0 
7f48645c5000-7f48646c5000 rw-p 00000000 00:00 0 
7f48646c5000-7f48646c6000 ---p 00000000 00:00 0 
7f48646c6000-7f48647c6000 rw-p 00000000 00:00 0 
7f48647c6000-7f48647c7000 ---p 00000000 00:00 0 
7f48647c7000-7f48648c7000 rw-p 00000000 00:00 0 
7f48648c7000-7f48648c8000 ---p 00000000 00:00 0 
7f48648c8000-7f48649c8000 rw-p 00000000 00:00 0 
7f48649c8000-7f48649c9000 ---p 00000000 00:00 0 
7f48649c9000-7f4864acc000 rw-p 00000000 00:00 0 
7f4864acc000-7f4865000000 ---p 00000000 00:00 0 
7f4865000000-7f4865270000 rwxp 00000000 00:00 0 
7f4865270000-7f4874000000 ---p 00000000 00:00 0 
7f4874000000-7f4874468000 rw-p 00000000 00:00 0 
7f4874468000-7f4878000000 ---p 00000000 00:00 0 
7f4878000000-7f4878042000 rw-p 00000000 00:00 0 
7f4878042000-7f4878043000 ---p 00000000 00:00 0 
7f4878043000-7f4878146000 rw-p 00000000 00:00 0 
7f4878146000-7f4878679000 ---p 00000000 00:00 0 
7f4878679000-7f487867e000 rw-p 00000000 00:00 0 
7f487867e000-7f4878915000 ---p 00000000 00:00 0 
7f4878915000-7f4878920000 rw-p 00000000 00:00 0 
7f4878920000-7f4878cd6000 ---p 00000000 00:00 0 
7f4878cd6000-7f4878cf0000 r-xp 00000000 08:42 4851419                    /usr/lib/jvm/java-8-oracle/jre/lib/amd64/libzip.so
7f4878cf0000-7f4878ef0000 ---p 0001a000 08:42 4851419                    /usr/lib/jvm/java-8-oracle/jre/lib/amd64/libzip.so
7f4878ef0000-7f4878ef1000 rw-p 0001a000 08:42 4851419                    /usr/lib/jvm/java-8-oracle/jre/lib/amd64/libzip.so
7f4878ef1000-7f4878efc000 r-xp 00000000 08:42 2236714                    /lib/x86_64-linux-gnu/libnss_files-2.23.so
7f4878efc000-7f48790fb000 ---p 0000b000 08:42 2236714                    /lib/x86_64-linux-gnu/libnss_files-2.23.so
7f48790fb000-7f48790fc000 r--p 0000a000 08:42 2236714                    /lib/x86_64-linux-gnu/libnss_files-2.23.so
7f48790fc000-7f48790fd000 rw-p 0000b000 08:42 2236714                    /lib/x86_64-linux-gnu/libnss_files-2.23.so
7f48790fd000-7f4879103000 rw-p 00000000 00:00 0 
7f4879103000-7f487910e000 r-xp 00000000 08:42 2236680                    /lib/x86_64-linux-gnu/libnss_nis-2.23.so
7f487910e000-7f487930d000 ---p 0000b000 08:42 2236680                    /lib/x86_64-linux-gnu/libnss_nis-2.23.so
7f487930d000-7f487930e000 r--p 0000a000 08:42 2236680                    /lib/x86_64-linux-gnu/libnss_nis-2.23.so
7f487930e000-7f487930f000 rw-p 0000b000 08:42 2236680                    /lib/x86_64-linux-gnu/libnss_nis-2.23.so
7f487930f000-7f4879325000 r-xp 00000000 08:42 2236706                    /lib/x86_64-linux-gnu/libnsl-2.23.so
7f4879325000-7f4879524000 ---p 00016000 08:42 2236706                    /lib/x86_64-linux-gnu/libnsl-2.23.so
7f4879524000-7f4879525000 r--p 00015000 08:42 2236706                    /lib/x86_64-linux-gnu/libnsl-2.23.so
7f4879525000-7f4879526000 rw-p 00016000 08:42 2236706                    /lib/x86_64-linux-gnu/libnsl-2.23.so
7f4879526000-7f4879528000 rw-p 00000000 00:00 0 
7f4879528000-7f4879530000 r-xp 00000000 08:42 2236708                    /lib/x86_64-linux-gnu/libnss_compat-2.23.so
7f4879530000-7f487972f000 ---p 00008000 08:42 2236708                    /lib/x86_64-linux-gnu/libnss_compat-2.23.so
7f487972f000-7f4879730000 r--p 00007000 08:42 2236708                    /lib/x86_64-linux-gnu/libnss_compat-2.23.so
7f4879730000-7f4879731000 rw-p 00008000 08:42 2236708                    /lib/x86_64-linux-gnu/libnss_compat-2.23.so
7f4879731000-7f487975c000 r-xp 00000000 08:42 4852488                    /usr/lib/jvm/java-8-oracle/jre/lib/amd64/libjava.so
7f487975c000-7f487995b000 ---p 0002b000 08:42 4852488                    /usr/lib/jvm/java-8-oracle/jre/lib/amd64/libjava.so
7f487995b000-7f487995d000 rw-p 0002a000 08:42 4852488                    /usr/lib/jvm/java-8-oracle/jre/lib/amd64/libjava.so
7f487995d000-7f487996a000 r-xp 00000000 08:42 4850845                    /usr/lib/jvm/java-8-oracle/jre/lib/amd64/libverify.so
7f487996a000-7f4879b69000 ---p 0000d000 08:42 4850845                    /usr/lib/jvm/java-8-oracle/jre/lib/amd64/libverify.so
7f4879b69000-7f4879b6b000 rw-p 0000c000 08:42 4850845                    /usr/lib/jvm/java-8-oracle/jre/lib/amd64/libverify.so
7f4879b6b000-7f4879b72000 r-xp 00000000 08:42 2236679                    /lib/x86_64-linux-gnu/librt-2.23.so
7f4879b72000-7f4879d71000 ---p 00007000 08:42 2236679                    /lib/x86_64-linux-gnu/librt-2.23.so
7f4879d71000-7f4879d72000 r--p 00006000 08:42 2236679                    /lib/x86_64-linux-gnu/librt-2.23.so
7f4879d72000-7f4879d73000 rw-p 00007000 08:42 2236679                    /lib/x86_64-linux-gnu/librt-2.23.so
7f4879d73000-7f4879e7b000 r-xp 00000000 08:42 2236702                    /lib/x86_64-linux-gnu/libm-2.23.so
7f4879e7b000-7f487a07a000 ---p 00108000 08:42 2236702                    /lib/x86_64-linux-gnu/libm-2.23.so
7f487a07a000-7f487a07b000 r--p 00107000 08:42 2236702                    /lib/x86_64-linux-gnu/libm-2.23.so
7f487a07b000-7f487a07c000 rw-p 00108000 08:42 2236702                    /lib/x86_64-linux-gnu/libm-2.23.so
7f487a07c000-7f487ad4a000 r-xp 00000000 08:42 4852500                    /usr/lib/jvm/java-8-oracle/jre/lib/amd64/server/libjvm.so
7f487ad4a000-7f487af4a000 ---p 00cce000 08:42 4852500                    /usr/lib/jvm/java-8-oracle/jre/lib/amd64/server/libjvm.so
7f487af4a000-7f487b023000 rw-p 00cce000 08:42 4852500                    /usr/lib/jvm/java-8-oracle/jre/lib/amd64/server/libjvm.so
7f487b023000-7f487b06e000 rw-p 00000000 00:00 0 
7f487b06e000-7f487b22d000 r-xp 00000000 08:42 2236692                    /lib/x86_64-linux-gnu/libc-2.23.so
7f487b22d000-7f487b42d000 ---p 001bf000 08:42 2236692                    /lib/x86_64-linux-gnu/libc-2.23.so
7f487b42d000-7f487b431000 r--p 001bf000 08:42 2236692                    /lib/x86_64-linux-gnu/libc-2.23.so
7f487b431000-7f487b433000 rw-p 001c3000 08:42 2236692                    /lib/x86_64-linux-gnu/libc-2.23.so
7f487b433000-7f487b437000 rw-p 00000000 00:00 0 
7f487b437000-7f487b43a000 r-xp 00000000 08:42 2236687                    /lib/x86_64-linux-gnu/libdl-2.23.so
7f487b43a000-7f487b639000 ---p 00003000 08:42 2236687                    /lib/x86_64-linux-gnu/libdl-2.23.so
7f487b639000-7f487b63a000 r--p 00002000 08:42 2236687                    /lib/x86_64-linux-gnu/libdl-2.23.so
7f487b63a000-7f487b63b000 rw-p 00003000 08:42 2236687                    /lib/x86_64-linux-gnu/libdl-2.23.so
7f487b63b000-7f487b650000 r-xp 00000000 08:42 4862290                    /usr/lib/jvm/java-8-oracle/lib/amd64/jli/libjli.so
7f487b650000-7f487b850000 ---p 00015000 08:42 4862290                    /usr/lib/jvm/java-8-oracle/lib/amd64/jli/libjli.so
7f487b850000-7f487b851000 rw-p 00015000 08:42 4862290                    /usr/lib/jvm/java-8-oracle/lib/amd64/jli/libjli.so
7f487b851000-7f487b869000 r-xp 00000000 08:42 2236704                    /lib/x86_64-linux-gnu/libpthread-2.23.so
7f487b869000-7f487ba68000 ---p 00018000 08:42 2236704                    /lib/x86_64-linux-gnu/libpthread-2.23.so
7f487ba68000-7f487ba69000 r--p 00017000 08:42 2236704                    /lib/x86_64-linux-gnu/libpthread-2.23.so
7f487ba69000-7f487ba6a000 rw-p 00018000 08:42 2236704                    /lib/x86_64-linux-gnu/libpthread-2.23.so
7f487ba6a000-7f487ba6e000 rw-p 00000000 00:00 0 
7f487ba6e000-7f487ba94000 r-xp 00000000 08:42 2228312                    /lib/x86_64-linux-gnu/ld-2.23.so
7f487ba96000-7f487bb68000 rw-p 00000000 00:00 0 
7f487bb68000-7f487bb6b000 ---p 00000000 00:00 0 
7f487bb6b000-7f487bc6d000 rw-p 00000000 00:00 0 
7f487bc87000-7f487bc8f000 rw-s 00000000 08:42 1048668                    /tmp/hsperfdata_ubuntu/20888
7f487bc8f000-7f487bc90000 rw-p 00000000 00:00 0 
7f487bc90000-7f487bc91000 ---p 00000000 00:00 0 
7f487bc91000-7f487bc93000 rw-p 00000000 00:00 0 
7f487bc93000-7f487bc94000 r--p 00025000 08:42 2228312                    /lib/x86_64-linux-gnu/ld-2.23.so
7f487bc94000-7f487bc95000 rw-p 00026000 08:42 2228312                    /lib/x86_64-linux-gnu/ld-2.23.so
7f487bc95000-7f487bc96000 rw-p 00000000 00:00 0 
7ffe6208b000-7ffe620ac000 rw-p 00000000 00:00 0                          [stack]
7ffe62172000-7ffe62174000 r--p 00000000 00:00 0                          [vvar]
7ffe62174000-7ffe62176000 r-xp 00000000 00:00 0                          [vdso]
ffffffffff600000-ffffffffff601000 r-xp 00000000 00:00 0                  [vsyscall]

VM Arguments:
jvm_args: -Dapplication.home=/usr/lib/jvm/java-8-oracle -Xms8m 
java_command: com.sun.tools.javac.Main AppointmentFrame.java
java_class_path (initial): /usr/lib/jvm/java-8-oracle/lib/tools.jar:/usr/lib/jvm/java-8-oracle/classes
Launcher Type: SUN_STANDARD

Environment Variables:
JAVA_HOME=/usr/lib/jvm/java-8-oracle
PATH=/usr/local/sbin:/usr/local/bin:/usr/sbin:/usr/bin:/sbin:/bin:/usr/games:/usr/local/games:/snap/bin:/usr/lib/jvm/java-8-oracle/bin:/usr/lib/jvm/java-8-oracle/db/bin:/usr/lib/jvm/java-8-oracle/jre/bin
SHELL=/bin/bash
DISPLAY=:0

Signal Handlers:
SIGSEGV: [libjvm.so+0xac78c0], sa_mask[0]=11111111011111111101111111111110, sa_flags=SA_RESTART|SA_SIGINFO
SIGBUS: [libjvm.so+0xac78c0], sa_mask[0]=11111111011111111101111111111110, sa_flags=SA_RESTART|SA_SIGINFO
SIGFPE: [libjvm.so+0x920ac0], sa_mask[0]=11111111011111111101111111111110, sa_flags=SA_RESTART|SA_SIGINFO
SIGPIPE: [libjvm.so+0x920ac0], sa_mask[0]=11111111011111111101111111111110, sa_flags=SA_RESTART|SA_SIGINFO
SIGXFSZ: [libjvm.so+0x920ac0], sa_mask[0]=11111111011111111101111111111110, sa_flags=SA_RESTART|SA_SIGINFO
SIGILL: [libjvm.so+0x920ac0], sa_mask[0]=11111111011111111101111111111110, sa_flags=SA_RESTART|SA_SIGINFO
SIGUSR1: SIG_DFL, sa_mask[0]=00000000000000000000000000000000, sa_flags=none
SIGUSR2: [libjvm.so+0x922300], sa_mask[0]=00000000000000000000000000000000, sa_flags=SA_RESTART|SA_SIGINFO
SIGHUP: [libjvm.so+0x923700], sa_mask[0]=11111111011111111101111111111110, sa_flags=SA_RESTART|SA_SIGINFO
SIGINT: [libjvm.so+0x923700], sa_mask[0]=11111111011111111101111111111110, sa_flags=SA_RESTART|SA_SIGINFO
SIGTERM: [libjvm.so+0x923700], sa_mask[0]=11111111011111111101111111111110, sa_flags=SA_RESTART|SA_SIGINFO
SIGQUIT: [libjvm.so+0x923700], sa_mask[0]=11111111011111111101111111111110, sa_flags=SA_RESTART|SA_SIGINFO


---------------  S Y S T E M  ---------------

OS:DISTRIB_ID=Ubuntu
DISTRIB_RELEASE=16.04
DISTRIB_CODENAME=xenial
DISTRIB_DESCRIPTION="Ubuntu 16.04.2 LTS"

uname:Linux 4.4.0-64-generic #85-Ubuntu SMP Mon Feb 20 11:50:30 UTC 2017 x86_64
libc:glibc 2.23 NPTL 2.23 
rlimit: STACK 8192k, CORE 0k, NPROC 63022, NOFILE 65536, AS infinity
load average:0.98 0.48 0.27

/proc/meminfo:
MemTotal:       16392468 kB
MemFree:         4485548 kB
MemAvailable:   12708844 kB
Buffers:         1247740 kB
Cached:          7154264 kB
SwapCached:            0 kB
Active:          6435636 kB
Inactive:        4838176 kB
Active(anon):    2879360 kB
Inactive(anon):   148872 kB
Active(file):    3556276 kB
Inactive(file):  4689304 kB
Unevictable:         184 kB
Mlocked:             184 kB
SwapTotal:       4194300 kB
SwapFree:        4194300 kB
Dirty:               852 kB
Writeback:             0 kB
AnonPages:       2874608 kB
Mapped:           885336 kB
Shmem:            156428 kB
Slab:             379712 kB
SReclaimable:     313928 kB
SUnreclaim:        65784 kB
KernelStack:       15440 kB
PageTables:        62076 kB
NFS_Unstable:          0 kB
Bounce:                0 kB
WritebackTmp:          0 kB
CommitLimit:    12390532 kB
Committed_AS:   11492924 kB
VmallocTotal:   34359738367 kB
VmallocUsed:           0 kB
VmallocChunk:          0 kB
HardwareCorrupted:     0 kB
AnonHugePages:   1208320 kB
CmaTotal:              0 kB
CmaFree:               0 kB
HugePages_Total:       0
HugePages_Free:        0
HugePages_Rsvd:        0
HugePages_Surp:        0
Hugepagesize:       2048 kB
DirectMap4k:      922996 kB
DirectMap2M:    15814656 kB


CPU:total 8 (4 cores per cpu, 2 threads per core) family 6 model 58 stepping 9, cmov, cx8, fxsr, mmx, sse, sse2, sse3, ssse3, sse4.1, sse4.2, popcnt, avx, aes, clmul, erms, ht, tsc, tscinvbit, tscinv

/proc/cpuinfo:
processor	: 0
vendor_id	: GenuineIntel
cpu family	: 6
model		: 58
model name	: Intel(R) Core(TM) i7-3770K CPU @ 3.50GHz
stepping	: 9
microcode	: 0x1c
cpu MHz		: 4299.941
cache size	: 8192 KB
physical id	: 0
siblings	: 8
core id		: 0
cpu cores	: 4
apicid		: 0
initial apicid	: 0
fpu		: yes
fpu_exception	: yes
cpuid level	: 13
wp		: yes
flags		: fpu vme de pse tsc msr pae mce cx8 apic sep mtrr pge mca cmov pat pse36 clflush dts acpi mmx fxsr sse sse2 ss ht tm pbe syscall nx rdtscp lm constant_tsc arch_perfmon pebs bts rep_good nopl xtopology nonstop_tsc aperfmperf eagerfpu pni pclmulqdq dtes64 monitor ds_cpl vmx est tm2 ssse3 cx16 xtpr pdcm pcid sse4_1 sse4_2 popcnt tsc_deadline_timer aes xsave avx f16c rdrand lahf_lm epb tpr_shadow vnmi flexpriority ept vpid fsgsbase smep erms xsaveopt dtherm ida arat pln pts
bugs		:
bogomips	: 7002.66
clflush size	: 64
cache_alignment	: 64
address sizes	: 36 bits physical, 48 bits virtual
power management:

processor	: 1
vendor_id	: GenuineIntel
cpu family	: 6
model		: 58
model name	: Intel(R) Core(TM) i7-3770K CPU @ 3.50GHz
stepping	: 9
microcode	: 0x1c
cpu MHz		: 4299.941
cache size	: 8192 KB
physical id	: 0
siblings	: 8
core id		: 1
cpu cores	: 4
apicid		: 2
initial apicid	: 2
fpu		: yes
fpu_exception	: yes
cpuid level	: 13
wp		: yes
flags		: fpu vme de pse tsc msr pae mce cx8 apic sep mtrr pge mca cmov pat pse36 clflush dts acpi mmx fxsr sse sse2 ss ht tm pbe syscall nx rdtscp lm constant_tsc arch_perfmon pebs bts rep_good nopl xtopology nonstop_tsc aperfmperf eagerfpu pni pclmulqdq dtes64 monitor ds_cpl vmx est tm2 ssse3 cx16 xtpr pdcm pcid sse4_1 sse4_2 popcnt tsc_deadline_timer aes xsave avx f16c rdrand lahf_lm epb tpr_shadow vnmi flexpriority ept vpid fsgsbase smep erms xsaveopt dtherm ida arat pln pts
bugs		:
bogomips	: 7002.66
clflush size	: 64
cache_alignment	: 64
address sizes	: 36 bits physical, 48 bits virtual
power management:

processor	: 2
vendor_id	: GenuineIntel
cpu family	: 6
model		: 58
model name	: Intel(R) Core(TM) i7-3770K CPU @ 3.50GHz
stepping	: 9
microcode	: 0x1c
cpu MHz		: 4299.941
cache size	: 8192 KB
physical id	: 0
siblings	: 8
core id		: 2
cpu cores	: 4
apicid		: 4
initial apicid	: 4
fpu		: yes
fpu_exception	: yes
cpuid level	: 13
wp		: yes
flags		: fpu vme de pse tsc msr pae mce cx8 apic sep mtrr pge mca cmov pat pse36 clflush dts acpi mmx fxsr sse sse2 ss ht tm pbe syscall nx rdtscp lm constant_tsc arch_perfmon pebs bts rep_good nopl xtopology nonstop_tsc aperfmperf eagerfpu pni pclmulqdq dtes64 monitor ds_cpl vmx est tm2 ssse3 cx16 xtpr pdcm pcid sse4_1 sse4_2 popcnt tsc_deadline_timer aes xsave avx f16c rdrand lahf_lm epb tpr_shadow vnmi flexpriority ept vpid fsgsbase smep erms xsaveopt dtherm ida arat pln pts
bugs		:
bogomips	: 7002.66
clflush size	: 64
cache_alignment	: 64
address sizes	: 36 bits physical, 48 bits virtual
power management:

processor	: 3
vendor_id	: GenuineIntel
cpu family	: 6
model		: 58
model name	: Intel(R) Core(TM) i7-3770K CPU @ 3.50GHz
stepping	: 9
microcode	: 0x1c
cpu MHz		: 4299.941
cache size	: 8192 KB
physical id	: 0
siblings	: 8
core id		: 3
cpu cores	: 4
apicid		: 6
initial apicid	: 6
fpu		: yes
fpu_exception	: yes
cpuid level	: 13
wp		: yes
flags		: fpu vme de pse tsc msr pae mce cx8 apic sep mtrr pge mca cmov pat pse36 clflush dts acpi mmx fxsr sse sse2 ss ht tm pbe syscall nx rdtscp lm constant_tsc arch_perfmon pebs bts rep_good nopl xtopology nonstop_tsc aperfmperf eagerfpu pni pclmulqdq dtes64 monitor ds_cpl vmx est tm2 ssse3 cx16 xtpr pdcm pcid sse4_1 sse4_2 popcnt tsc_deadline_timer aes xsave avx f16c rdrand lahf_lm epb tpr_shadow vnmi flexpriority ept vpid fsgsbase smep erms xsaveopt dtherm ida arat pln pts
bugs		:
bogomips	: 7002.66
clflush size	: 64
cache_alignment	: 64
address sizes	: 36 bits physical, 48 bits virtual
power management:

processor	: 4
vendor_id	: GenuineIntel
cpu family	: 6
model		: 58
model name	: Intel(R) Core(TM) i7-3770K CPU @ 3.50GHz
stepping	: 9
microcode	: 0x1c
cpu MHz		: 4299.941
cache size	: 8192 KB
physical id	: 0
siblings	: 8
core id		: 0
cpu cores	: 4
apicid		: 1
initial apicid	: 1
fpu		: yes
fpu_exception	: yes
cpuid level	: 13
wp		: yes
flags		: fpu vme de pse tsc msr pae mce cx8 apic sep mtrr pge mca cmov pat pse36 clflush dts acpi mmx fxsr sse sse2 ss ht tm pbe syscall nx rdtscp lm constant_tsc arch_perfmon pebs bts rep_good nopl xtopology nonstop_tsc aperfmperf eagerfpu pni pclmulqdq dtes64 monitor ds_cpl vmx est tm2 ssse3 cx16 xtpr pdcm pcid sse4_1 sse4_2 popcnt tsc_deadline_timer aes xsave avx f16c rdrand lahf_lm epb tpr_shadow vnmi flexpriority ept vpid fsgsbase smep erms xsaveopt dtherm ida arat pln pts
bugs		:
bogomips	: 7002.66
clflush size	: 64
cache_alignment	: 64
address sizes	: 36 bits physical, 48 bits virtual
power management:

processor	: 5
vendor_id	: GenuineIntel
cpu family	: 6
model		: 58
model name	: Intel(R) Core(TM) i7-3770K CPU @ 3.50GHz
stepping	: 9
microcode	: 0x1c
cpu MHz		: 4299.667
cache size	: 8192 KB
physical id	: 0
siblings	: 8
core id		: 1
cpu cores	: 4
apicid		: 3
initial apicid	: 3
fpu		: yes
fpu_exception	: yes
cpuid level	: 13
wp		: yes
flags		: fpu vme de pse tsc msr pae mce cx8 apic sep mtrr pge mca cmov pat pse36 clflush dts acpi mmx fxsr sse sse2 ss ht tm pbe syscall nx rdtscp lm constant_tsc arch_perfmon pebs bts rep_good nopl xtopology nonstop_tsc aperfmperf eagerfpu pni pclmulqdq dtes64 monitor ds_cpl vmx est tm2 ssse3 cx16 xtpr pdcm pcid sse4_1 sse4_2 popcnt tsc_deadline_timer aes xsave avx f16c rdrand lahf_lm epb tpr_shadow vnmi flexpriority ept vpid fsgsbase smep erms xsaveopt dtherm ida arat pln pts
bugs		:
bogomips	: 7002.66
clflush size	: 64
cache_alignment	: 64
address sizes	: 36 bits physical, 48 bits virtual
power management:

processor	: 6
vendor_id	: GenuineIntel
cpu family	: 6
model		: 58
model name	: Intel(R) Core(TM) i7-3770K CPU @ 3.50GHz
stepping	: 9
microcode	: 0x1c
cpu MHz		: 4298.437
cache size	: 8192 KB
physical id	: 0
siblings	: 8
core id		: 2
cpu cores	: 4
apicid		: 5
initial apicid	: 5
fpu		: yes
fpu_exception	: yes
cpuid level	: 13
wp		: yes
flags		: fpu vme de pse tsc msr pae mce cx8 apic sep mtrr pge mca cmov pat pse36 clflush dts acpi mmx fxsr sse sse2 ss ht tm pbe syscall nx rdtscp lm constant_tsc arch_perfmon pebs bts rep_good nopl xtopology nonstop_tsc aperfmperf eagerfpu pni pclmulqdq dtes64 monitor ds_cpl vmx est tm2 ssse3 cx16 xtpr pdcm pcid sse4_1 sse4_2 popcnt tsc_deadline_timer aes xsave avx f16c rdrand lahf_lm epb tpr_shadow vnmi flexpriority ept vpid fsgsbase smep erms xsaveopt dtherm ida arat pln pts
bugs		:
bogomips	: 7002.66
clflush size	: 64
cache_alignment	: 64
address sizes	: 36 bits physical, 48 bits virtual
power management:

processor	: 7
vendor_id	: GenuineIntel
cpu family	: 6
model		: 58
model name	: Intel(R) Core(TM) i7-3770K CPU @ 3.50GHz
stepping	: 9
microcode	: 0x1c
cpu MHz		: 4299.941
cache size	: 8192 KB
physical id	: 0
siblings	: 8
core id		: 3
cpu cores	: 4
apicid		: 7
initial apicid	: 7
fpu		: yes
fpu_exception	: yes
cpuid level	: 13
wp		: yes
flags		: fpu vme de pse tsc msr pae mce cx8 apic sep mtrr pge mca cmov pat pse36 clflush dts acpi mmx fxsr sse sse2 ss ht tm pbe syscall nx rdtscp lm constant_tsc arch_perfmon pebs bts rep_good nopl xtopology nonstop_tsc aperfmperf eagerfpu pni pclmulqdq dtes64 monitor ds_cpl vmx est tm2 ssse3 cx16 xtpr pdcm pcid sse4_1 sse4_2 popcnt tsc_deadline_timer aes xsave avx f16c rdrand lahf_lm epb tpr_shadow vnmi flexpriority ept vpid fsgsbase smep erms xsaveopt dtherm ida arat pln pts
bugs		:
bogomips	: 7002.66
clflush size	: 64
cache_alignment	: 64
address sizes	: 36 bits physical, 48 bits virtual
power management:



Memory: 4k page, physical 16392468k(4485548k free), swap 4194300k(4194300k free)

vm_info: Java HotSpot(TM) 64-Bit Server VM (25.121-b13) for linux-amd64 JRE (1.8.0_121-b13), built on Dec 12 2016 16:36:53 by "java_re" with gcc 4.3.0 20080428 (Red Hat 4.3.0-8)

time: Sun Feb 26 00:33:57 2017
elapsed time: 0 seconds (0d 0h 0m 0s)

